{"/Users/chinnaworn.temnithirut/git/techx-react-shared-library/data-table/hooks/custom-column-hook.tsx": {"path":"/Users/chinnaworn.temnithirut/git/techx-react-shared-library/data-table/hooks/custom-column-hook.tsx","statementMap":{"0":{"start":{"line":1,"column":0},"end":{"line":1,"column":51}},"1":{"start":{"line":2,"column":0},"end":{"line":2,"column":54}},"2":{"start":{"line":5,"column":0},"end":{"line":5,"column":59}},"3":{"start":{"line":17,"column":31},"end":{"line":17,"column":84}},"4":{"start":{"line":18,"column":38},"end":{"line":18,"column":50}},"5":{"start":{"line":19,"column":46},"end":{"line":19,"column":58}},"6":{"start":{"line":21,"column":29},"end":{"line":21,"column":56}},"7":{"start":{"line":22,"column":22},"end":{"line":22,"column":44}},"8":{"start":{"line":24,"column":23},"end":{"line":36,"column":3}},"9":{"start":{"line":29,"column":4},"end":{"line":29,"column":14}},"10":{"start":{"line":30,"column":4},"end":{"line":33,"column":null}},"11":{"start":{"line":34,"column":4},"end":{"line":34,"column":35}},"12":{"start":{"line":35,"column":4},"end":{"line":35,"column":33}},"13":{"start":{"line":38,"column":22},"end":{"line":43,"column":3}},"14":{"start":{"line":39,"column":4},"end":{"line":39,"column":49}},"15":{"start":{"line":40,"column":4},"end":{"line":40,"column":21}},"16":{"start":{"line":41,"column":4},"end":{"line":41,"column":22}},"17":{"start":{"line":42,"column":4},"end":{"line":42,"column":null}},"18":{"start":{"line":45,"column":31},"end":{"line":110,"column":4}},"19":{"start":{"line":45,"column":61},"end":{"line":110,"column":4}},"20":{"start":{"line":47,"column":6},"end":{"line":93,"column":null}},"21":{"start":{"line":47,"column":52},"end":{"line":47,"column":71}},"22":{"start":{"line":55,"column":33},"end":{"line":55,"column":71}},"23":{"start":{"line":56,"column":12},"end":{"line":56,"column":null}},"24":{"start":{"line":58,"column":30},"end":{"line":58,"column":92}},"25":{"start":{"line":65,"column":27},"end":{"line":65,"column":89}},"26":{"start":{"line":75,"column":14},"end":{"line":75,"column":69}},"27":{"start":{"line":76,"column":14},"end":{"line":76,"column":24}},"28":{"start":{"line":88,"column":14},"end":{"line":88,"column":22}},"29":{"start":{"line":97,"column":6},"end":{"line":97,"column":121}},"30":{"start":{"line":100,"column":6},"end":{"line":103,"column":50}},"31":{"start":{"line":106,"column":6},"end":{"line":108,"column":null}},"32":{"start":{"line":107,"column":8},"end":{"line":107,"column":61}},"33":{"start":{"line":107,"column":25},"end":{"line":107,"column":56}},"34":{"start":{"line":112,"column":23},"end":{"line":119,"column":3}},"35":{"start":{"line":113,"column":23},"end":{"line":113,"column":35}},"36":{"start":{"line":114,"column":4},"end":{"line":117,"column":6}},"37":{"start":{"line":118,"column":4},"end":{"line":118,"column":26}},"38":{"start":{"line":122,"column":2},"end":{"line":133,"column":9}},"39":{"start":{"line":123,"column":23},"end":{"line":131,"column":6}},"40":{"start":{"line":124,"column":35},"end":{"line":124,"column":91}},"41":{"start":{"line":125,"column":6},"end":{"line":129,"column":null}},"42":{"start":{"line":132,"column":4},"end":{"line":132,"column":26}},"43":{"start":{"line":135,"column":23},"end":{"line":142,"column":5}},"44":{"start":{"line":135,"column":61},"end":{"line":141,"column":null}},"45":{"start":{"line":137,"column":36},"end":{"line":141,"column":6}},"46":{"start":{"line":145,"column":2},"end":{"line":147,"column":16}},"47":{"start":{"line":146,"column":4},"end":{"line":146,"column":31}},"48":{"start":{"line":149,"column":2},"end":{"line":149,"column":null}},"49":{"start":{"line":16,"column":0},"end":{"line":16,"column":16}}},"fnMap":{"0":{"name":"useCustomColumn","decl":{"start":{"line":16,"column":16},"end":{"line":16,"column":31}},"loc":{"start":{"line":16,"column":129},"end":{"line":150,"column":1}}},"1":{"name":"(anonymous_7)","decl":{"start":{"line":24,"column":23},"end":{"line":24,"column":null}},"loc":{"start":{"line":28,"column":6},"end":{"line":36,"column":3}}},"2":{"name":"(anonymous_8)","decl":{"start":{"line":38,"column":22},"end":{"line":38,"column":23}},"loc":{"start":{"line":38,"column":70},"end":{"line":43,"column":3}}},"3":{"name":"(anonymous_9)","decl":{"start":{"line":45,"column":31},"end":{"line":45,"column":32}},"loc":{"start":{"line":45,"column":61},"end":{"line":110,"column":4}}},"4":{"name":"(anonymous_10)","decl":{"start":{"line":46,"column":20},"end":{"line":46,"column":21}},"loc":{"start":{"line":47,"column":6},"end":{"line":93,"column":null}}},"5":{"name":"(anonymous_11)","decl":{"start":{"line":47,"column":45},"end":{"line":47,"column":46}},"loc":{"start":{"line":47,"column":52},"end":{"line":47,"column":71}}},"6":{"name":"(anonymous_12)","decl":{"start":{"line":54,"column":20},"end":{"line":54,"column":21}},"loc":{"start":{"line":54,"column":26},"end":{"line":57,"column":11}}},"7":{"name":"(anonymous_13)","decl":{"start":{"line":58,"column":24},"end":{"line":58,"column":27}},"loc":{"start":{"line":58,"column":30},"end":{"line":58,"column":92}}},"8":{"name":"(anonymous_14)","decl":{"start":{"line":65,"column":21},"end":{"line":65,"column":24}},"loc":{"start":{"line":65,"column":27},"end":{"line":65,"column":89}}},"9":{"name":"(anonymous_15)","decl":{"start":{"line":74,"column":21},"end":{"line":74,"column":24}},"loc":{"start":{"line":74,"column":26},"end":{"line":77,"column":13}}},"10":{"name":"(anonymous_16)","decl":{"start":{"line":75,"column":43},"end":{"line":75,"column":46}},"loc":{"start":{"line":75,"column":48},"end":{"line":75,"column":51}}},"11":{"name":"(anonymous_17)","decl":{"start":{"line":87,"column":21},"end":{"line":87,"column":24}},"loc":{"start":{"line":87,"column":26},"end":{"line":89,"column":13}}},"12":{"name":"(anonymous_18)","decl":{"start":{"line":96,"column":16},"end":{"line":96,"column":17}},"loc":{"start":{"line":97,"column":6},"end":{"line":97,"column":121}}},"13":{"name":"(anonymous_19)","decl":{"start":{"line":99,"column":14},"end":{"line":99,"column":15}},"loc":{"start":{"line":99,"column":37},"end":{"line":104,"column":5}}},"14":{"name":"(anonymous_20)","decl":{"start":{"line":105,"column":32},"end":{"line":105,"column":33}},"loc":{"start":{"line":105,"column":44},"end":{"line":109,"column":5}}},"15":{"name":"(anonymous_21)","decl":{"start":{"line":107,"column":19},"end":{"line":107,"column":22}},"loc":{"start":{"line":107,"column":24},"end":{"line":107,"column":56}}},"16":{"name":"(anonymous_22)","decl":{"start":{"line":112,"column":23},"end":{"line":112,"column":24}},"loc":{"start":{"line":112,"column":86},"end":{"line":119,"column":3}}},"17":{"name":"(anonymous_23)","decl":{"start":{"line":122,"column":12},"end":{"line":122,"column":15}},"loc":{"start":{"line":122,"column":17},"end":{"line":133,"column":3}}},"18":{"name":"(anonymous_24)","decl":{"start":{"line":123,"column":35},"end":{"line":123,"column":36}},"loc":{"start":{"line":123,"column":48},"end":{"line":131,"column":5}}},"19":{"name":"(anonymous_25)","decl":{"start":{"line":135,"column":35},"end":{"line":135,"column":36}},"loc":{"start":{"line":135,"column":61},"end":{"line":141,"column":null}}},"20":{"name":"(anonymous_26)","decl":{"start":{"line":137,"column":18},"end":{"line":137,"column":19}},"loc":{"start":{"line":137,"column":36},"end":{"line":141,"column":6}}},"21":{"name":"(anonymous_27)","decl":{"start":{"line":145,"column":12},"end":{"line":145,"column":15}},"loc":{"start":{"line":145,"column":17},"end":{"line":147,"column":3}}}},"branchMap":{"0":{"loc":{"start":{"line":17,"column":62},"end":{"line":17,"column":83}},"type":"binary-expr","locations":[{"start":{"line":17,"column":62},"end":{"line":17,"column":77}},{"start":{"line":17,"column":81},"end":{"line":17,"column":83}}]},"1":{"loc":{"start":{"line":40,"column":4},"end":{"line":40,"column":20}},"type":"cond-expr","locations":[{"start":{"line":40,"column":16},"end":{"line":40,"column":20}},{"start":{"line":40,"column":4},"end":{"line":40,"column":20}}]},"2":{"loc":{"start":{"line":40,"column":4},"end":{"line":40,"column":20}},"type":"binary-expr","locations":[{"start":{"line":40,"column":4},"end":{"line":40,"column":20}},{"start":{"line":40,"column":4},"end":{"line":40,"column":20}}]},"3":{"loc":{"start":{"line":55,"column":33},"end":{"line":55,"column":71}},"type":"cond-expr","locations":[{"start":{"line":55,"column":50},"end":{"line":55,"column":66}},{"start":{"line":55,"column":69},"end":{"line":55,"column":71}}]},"4":{"loc":{"start":{"line":75,"column":26},"end":{"line":75,"column":52}},"type":"binary-expr","locations":[{"start":{"line":75,"column":26},"end":{"line":75,"column":38}},{"start":{"line":75,"column":43},"end":{"line":75,"column":51}}]},"5":{"loc":{"start":{"line":97,"column":83},"end":{"line":97,"column":115}},"type":"cond-expr","locations":[{"start":{"line":97,"column":94},"end":{"line":97,"column":103}},{"start":{"line":97,"column":106},"end":{"line":97,"column":115}}]},"6":{"loc":{"start":{"line":100,"column":13},"end":{"line":103,"column":49}},"type":"cond-expr","locations":[{"start":{"line":100,"column":40},"end":{"line":100,"column":94}},{"start":{"line":100,"column":98},"end":{"line":103,"column":48}}]},"7":{"loc":{"start":{"line":100,"column":99},"end":{"line":100,"column":126}},"type":"binary-expr","locations":[{"start":{"line":100,"column":99},"end":{"line":100,"column":120}},{"start":{"line":100,"column":124},"end":{"line":100,"column":126}}]},"8":{"loc":{"start":{"line":106,"column":6},"end":{"line":108,"column":null}},"type":"if","locations":[{"start":{"line":106,"column":6},"end":{"line":108,"column":null}}]},"9":{"loc":{"start":{"line":107,"column":25},"end":{"line":107,"column":54}},"type":"cond-expr","locations":[{"start":{"line":107,"column":44},"end":{"line":107,"column":46}},{"start":{"line":107,"column":44},"end":{"line":107,"column":54}}]},"10":{"loc":{"start":{"line":107,"column":25},"end":{"line":107,"column":46}},"type":"binary-expr","locations":[{"start":{"line":107,"column":25},"end":{"line":107,"column":46}},{"start":{"line":107,"column":44},"end":{"line":107,"column":46}}]},"11":{"loc":{"start":{"line":116,"column":32},"end":{"line":116,"column":45}},"type":"binary-expr","locations":[{"start":{"line":116,"column":32},"end":{"line":116,"column":40}},{"start":{"line":116,"column":44},"end":{"line":116,"column":45}}]},"12":{"loc":{"start":{"line":116,"column":32},"end":{"line":116,"column":40}},"type":"cond-expr","locations":[{"start":{"line":116,"column":37},"end":{"line":116,"column":39}},{"start":{"line":116,"column":32},"end":{"line":116,"column":40}}]},"13":{"loc":{"start":{"line":116,"column":32},"end":{"line":116,"column":39}},"type":"binary-expr","locations":[{"start":{"line":116,"column":32},"end":{"line":116,"column":39}},{"start":{"line":116,"column":32},"end":{"line":116,"column":39}}]},"14":{"loc":{"start":{"line":124,"column":35},"end":{"line":124,"column":91}},"type":"cond-expr","locations":[{"start":{"line":124,"column":61},"end":{"line":124,"column":86}},{"start":{"line":124,"column":89},"end":{"line":124,"column":91}}]},"15":{"loc":{"start":{"line":146,"column":4},"end":{"line":146,"column":30}},"type":"cond-expr","locations":[{"start":{"line":146,"column":19},"end":{"line":146,"column":22}},{"start":{"line":146,"column":4},"end":{"line":146,"column":30}}]},"16":{"loc":{"start":{"line":146,"column":4},"end":{"line":146,"column":22}},"type":"binary-expr","locations":[{"start":{"line":146,"column":4},"end":{"line":146,"column":22}},{"start":{"line":146,"column":4},"end":{"line":146,"column":22}}]}},"s":{"0":1,"1":1,"2":1,"3":17,"4":17,"5":17,"6":17,"7":17,"8":17,"9":2,"10":2,"11":2,"12":2,"13":17,"14":1,"15":1,"16":1,"17":1,"18":17,"19":7,"20":8,"21":1,"22":1,"23":1,"24":1,"25":1,"26":1,"27":1,"28":1,"29":1,"30":1,"31":1,"32":1,"33":1,"34":17,"35":0,"36":0,"37":0,"38":17,"39":7,"40":14,"41":14,"42":7,"43":17,"44":34,"45":0,"46":17,"47":14,"48":17,"49":1},"f":{"0":17,"1":2,"2":1,"3":7,"4":8,"5":1,"6":1,"7":1,"8":1,"9":1,"10":0,"11":1,"12":1,"13":1,"14":1,"15":1,"16":0,"17":7,"18":14,"19":34,"20":0,"21":14},"b":{"0":[17,0],"1":[0,1],"2":[1,1],"3":[1,0],"4":[1,0],"5":[1,0],"6":[0,1],"7":[1,0],"8":[1],"9":[0,1],"10":[1,1],"11":[0,0],"12":[0,0],"13":[0,0],"14":[7,7],"15":[14,0],"16":[14,14]}}
,"/Users/chinnaworn.temnithirut/git/techx-react-shared-library/data-table/hooks/row-selection-hook.tsx": {"path":"/Users/chinnaworn.temnithirut/git/techx-react-shared-library/data-table/hooks/row-selection-hook.tsx","statementMap":{"0":{"start":{"line":2,"column":0},"end":{"line":2,"column":33}},"1":{"start":{"line":5,"column":48},"end":{"line":5,"column":73}},"2":{"start":{"line":6,"column":25},"end":{"line":9,"column":3}},"3":{"start":{"line":7,"column":4},"end":{"line":7,"column":43}},"4":{"start":{"line":8,"column":4},"end":{"line":8,"column":64}},"5":{"start":{"line":11,"column":23},"end":{"line":14,"column":4}},"6":{"start":{"line":16,"column":2},"end":{"line":16,"column":26}},"7":{"start":{"line":4,"column":0},"end":{"line":4,"column":16}}},"fnMap":{"0":{"name":"useRowSelection","decl":{"start":{"line":4,"column":16},"end":{"line":4,"column":31}},"loc":{"start":{"line":4,"column":117},"end":{"line":17,"column":1}}},"1":{"name":"(anonymous_1)","decl":{"start":{"line":6,"column":25},"end":{"line":6,"column":26}},"loc":{"start":{"line":6,"column":85},"end":{"line":9,"column":3}}}},"branchMap":{"0":{"loc":{"start":{"line":8,"column":4},"end":{"line":8,"column":63}},"type":"cond-expr","locations":[{"start":{"line":8,"column":24},"end":{"line":8,"column":27}},{"start":{"line":8,"column":4},"end":{"line":8,"column":63}}]},"1":{"loc":{"start":{"line":8,"column":4},"end":{"line":8,"column":27}},"type":"binary-expr","locations":[{"start":{"line":8,"column":4},"end":{"line":8,"column":27}},{"start":{"line":8,"column":4},"end":{"line":8,"column":27}}]}},"s":{"0":1,"1":4,"2":4,"3":2,"4":2,"5":4,"6":4,"7":1},"f":{"0":4,"1":2},"b":{"0":[1,1],"1":[2,2]}}
}
