TN:
SF:hooks/custom-column-hook.tsx
FN:16,useCustomColumn
FN:24,(anonymous_7)
FN:38,(anonymous_8)
FN:45,(anonymous_9)
FN:46,(anonymous_10)
FN:47,(anonymous_11)
FN:54,(anonymous_12)
FN:58,(anonymous_13)
FN:65,(anonymous_14)
FN:74,(anonymous_15)
FN:75,(anonymous_16)
FN:87,(anonymous_17)
FN:96,(anonymous_18)
FN:99,(anonymous_19)
FN:105,(anonymous_20)
FN:107,(anonymous_21)
FN:112,(anonymous_22)
FN:122,(anonymous_23)
FN:123,(anonymous_24)
FN:135,(anonymous_25)
FN:137,(anonymous_26)
FN:145,(anonymous_27)
FNF:22
FNH:19
FNDA:17,useCustomColumn
FNDA:2,(anonymous_7)
FNDA:1,(anonymous_8)
FNDA:7,(anonymous_9)
FNDA:8,(anonymous_10)
FNDA:1,(anonymous_11)
FNDA:1,(anonymous_12)
FNDA:1,(anonymous_13)
FNDA:1,(anonymous_14)
FNDA:1,(anonymous_15)
FNDA:0,(anonymous_16)
FNDA:1,(anonymous_17)
FNDA:1,(anonymous_18)
FNDA:1,(anonymous_19)
FNDA:1,(anonymous_20)
FNDA:1,(anonymous_21)
FNDA:0,(anonymous_22)
FNDA:7,(anonymous_23)
FNDA:14,(anonymous_24)
FNDA:34,(anonymous_25)
FNDA:0,(anonymous_26)
FNDA:14,(anonymous_27)
DA:1,1
DA:2,1
DA:5,1
DA:16,1
DA:17,17
DA:18,17
DA:19,17
DA:21,17
DA:22,17
DA:24,17
DA:29,2
DA:30,2
DA:34,2
DA:35,2
DA:38,17
DA:39,1
DA:40,1
DA:41,1
DA:42,1
DA:45,17
DA:47,8
DA:55,1
DA:56,1
DA:58,1
DA:65,1
DA:75,1
DA:76,1
DA:88,1
DA:97,1
DA:100,1
DA:106,1
DA:107,1
DA:112,17
DA:113,0
DA:114,0
DA:118,0
DA:122,17
DA:123,7
DA:124,14
DA:125,14
DA:132,7
DA:135,34
DA:137,0
DA:145,17
DA:146,14
DA:149,17
LF:46
LH:42
BRDA:17,0,0,17
BRDA:17,0,1,0
BRDA:40,1,0,0
BRDA:40,1,1,1
BRDA:40,2,0,1
BRDA:40,2,1,1
BRDA:55,3,0,1
BRDA:55,3,1,0
BRDA:75,4,0,1
BRDA:75,4,1,0
BRDA:97,5,0,1
BRDA:97,5,1,0
BRDA:100,6,0,0
BRDA:100,6,1,1
BRDA:100,7,0,1
BRDA:100,7,1,0
BRDA:106,8,0,1
BRDA:107,9,0,0
BRDA:107,9,1,1
BRDA:107,10,0,1
BRDA:107,10,1,1
BRDA:116,11,0,0
BRDA:116,11,1,0
BRDA:116,12,0,0
BRDA:116,12,1,0
BRDA:116,13,0,0
BRDA:116,13,1,0
BRDA:124,14,0,7
BRDA:124,14,1,7
BRDA:146,15,0,14
BRDA:146,15,1,0
BRDA:146,16,0,14
BRDA:146,16,1,14
BRF:33
BRH:18
end_of_record
TN:
SF:hooks/row-selection-hook.tsx
FN:4,useRowSelection
FN:6,(anonymous_1)
FNF:2
FNH:2
FNDA:4,useRowSelection
FNDA:2,(anonymous_1)
DA:2,1
DA:4,1
DA:5,4
DA:6,4
DA:7,2
DA:8,2
DA:11,4
DA:16,4
LF:8
LH:8
BRDA:8,0,0,1
BRDA:8,0,1,1
BRDA:8,1,0,2
BRDA:8,1,1,2
BRF:4
BRH:4
end_of_record
