{"/Users/chinnaworn.temnithirut/git/techx-react-shared-library/src/components/data-table/data-table.tsx": {"path":"/Users/chinnaworn.temnithirut/git/techx-react-shared-library/src/components/data-table/data-table.tsx","statementMap":{"0":{"start":{"line":1,"column":0},"end":{"line":1,"column":29}},"1":{"start":{"line":3,"column":0},"end":{"line":3,"column":63}},"2":{"start":{"line":4,"column":0},"end":{"line":4,"column":52}},"3":{"start":{"line":5,"column":0},"end":{"line":5,"column":94}},"4":{"start":{"line":6,"column":0},"end":{"line":6,"column":96}},"5":{"start":{"line":7,"column":0},"end":{"line":7,"column":65}},"6":{"start":{"line":35,"column":13},"end":{"line":79,"column":3}},"7":{"start":{"line":36,"column":33},"end":{"line":36,"column":84}},"8":{"start":{"line":37,"column":31},"end":{"line":37,"column":106}},"9":{"start":{"line":38,"column":27},"end":{"line":38,"column":64}},"10":{"start":{"line":43,"column":2},"end":{"line":46,"column":5}},"11":{"start":{"line":44,"column":46},"end":{"line":44,"column":65}},"12":{"start":{"line":44,"column":41},"end":{"line":44,"column":46}},"13":{"start":{"line":45,"column":4},"end":{"line":45,"column":16}},"14":{"start":{"line":48,"column":2},"end":{"line":78,"column":4}},"15":{"start":{"line":56,"column":36},"end":{"line":56,"column":57}},"16":{"start":{"line":57,"column":10},"end":{"line":59,"column":null}},"17":{"start":{"line":58,"column":12},"end":{"line":58,"column":19}},"18":{"start":{"line":60,"column":27},"end":{"line":60,"column":72}},"19":{"start":{"line":61,"column":25},"end":{"line":61,"column":66}},"20":{"start":{"line":62,"column":29},"end":{"line":62,"column":41}},"21":{"start":{"line":63,"column":23},"end":{"line":63,"column":58}},"22":{"start":{"line":64,"column":10},"end":{"line":64,"column":47}},"23":{"start":{"line":65,"column":10},"end":{"line":65,"column":32}}},"fnMap":{"0":{"name":"(anonymous_8)","decl":{"start":{"line":35,"column":76},"end":{"line":35,"column":77}},"loc":{"start":{"line":35,"column":166},"end":{"line":79,"column":1}}},"1":{"name":"(anonymous_9)","decl":{"start":{"line":43,"column":27},"end":{"line":43,"column":30}},"loc":{"start":{"line":43,"column":32},"end":{"line":46,"column":3}}},"2":{"name":"(anonymous_10)","decl":{"start":{"line":54,"column":19},"end":{"line":54,"column":20}},"loc":{"start":{"line":54,"column":42},"end":{"line":66,"column":9}}}},"branchMap":{"0":{"loc":{"start":{"line":35,"column":79},"end":{"line":35,"column":98}},"type":"default-arg","locations":[{"start":{"line":35,"column":96},"end":{"line":35,"column":98}}]},"1":{"loc":{"start":{"line":36,"column":55},"end":{"line":36,"column":83}},"type":"binary-expr","locations":[{"start":{"line":36,"column":55},"end":{"line":36,"column":77}},{"start":{"line":36,"column":81},"end":{"line":36,"column":83}}]},"2":{"loc":{"start":{"line":37,"column":31},"end":{"line":37,"column":106}},"type":"cond-expr","locations":[{"start":{"line":37,"column":47},"end":{"line":37,"column":74}},{"start":{"line":37,"column":77},"end":{"line":37,"column":106}}]},"3":{"loc":{"start":{"line":57,"column":10},"end":{"line":59,"column":null}},"type":"if","locations":[{"start":{"line":57,"column":10},"end":{"line":59,"column":null}}]},"4":{"loc":{"start":{"line":57,"column":14},"end":{"line":57,"column":49}},"type":"binary-expr","locations":[{"start":{"line":57,"column":14},"end":{"line":57,"column":31}},{"start":{"line":57,"column":35},"end":{"line":57,"column":49}}]},"5":{"loc":{"start":{"line":60,"column":27},"end":{"line":60,"column":72}},"type":"cond-expr","locations":[{"start":{"line":60,"column":47},"end":{"line":60,"column":60}},{"start":{"line":60,"column":63},"end":{"line":60,"column":72}}]},"6":{"loc":{"start":{"line":61,"column":25},"end":{"line":61,"column":66}},"type":"cond-expr","locations":[{"start":{"line":61,"column":45},"end":{"line":61,"column":56}},{"start":{"line":61,"column":59},"end":{"line":61,"column":66}}]},"7":{"loc":{"start":{"line":70,"column":24},"end":{"line":70,"column":70}},"type":"cond-expr","locations":[{"start":{"line":70,"column":46},"end":{"line":70,"column":58}},{"start":{"line":70,"column":61},"end":{"line":70,"column":70}}]},"8":{"loc":{"start":{"line":73,"column":22},"end":{"line":73,"column":152}},"type":"cond-expr","locations":[{"start":{"line":73,"column":58},"end":{"line":73,"column":125}},{"start":{"line":73,"column":127},"end":{"line":73,"column":152}}]}},"s":{"0":1,"1":1,"2":1,"3":1,"4":1,"5":1,"6":1,"7":2,"8":2,"9":2,"10":2,"11":0,"12":0,"13":0,"14":2,"15":0,"16":0,"17":0,"18":0,"19":0,"20":0,"21":0,"22":0,"23":0},"f":{"0":2,"1":0,"2":0},"b":{"0":[0],"1":[2,0],"2":[0,2],"3":[0],"4":[0,0],"5":[0,0],"6":[0,0],"7":[0,2],"8":[2,0]}}
,"/Users/chinnaworn.temnithirut/git/techx-react-shared-library/src/hooks/fetch-data-hook.tsx": {"path":"/Users/chinnaworn.temnithirut/git/techx-react-shared-library/src/hooks/fetch-data-hook.tsx","statementMap":{"0":{"start":{"line":3,"column":0},"end":{"line":3,"column":44}},"1":{"start":{"line":24,"column":26},"end":{"line":24,"column":41}},"2":{"start":{"line":25,"column":32},"end":{"line":25,"column":47}},"3":{"start":{"line":26,"column":40},"end":{"line":33,"column":4}},"4":{"start":{"line":35,"column":28},"end":{"line":62,"column":3}},"5":{"start":{"line":45,"column":27},"end":{"line":45,"column":73}},"6":{"start":{"line":46,"column":4},"end":{"line":57,"column":null}},"7":{"start":{"line":47,"column":6},"end":{"line":50,"column":9}},"8":{"start":{"line":52,"column":6},"end":{"line":56,"column":9}},"9":{"start":{"line":59,"column":4},"end":{"line":61,"column":null}},"10":{"start":{"line":60,"column":6},"end":{"line":60,"column":18}},"11":{"start":{"line":64,"column":20},"end":{"line":79,"column":4}},"12":{"start":{"line":64,"column":31},"end":{"line":79,"column":4}},"13":{"start":{"line":65,"column":4},"end":{"line":66,"column":13}},"14":{"start":{"line":66,"column":6},"end":{"line":66,"column":13}},"15":{"start":{"line":67,"column":4},"end":{"line":67,"column":21}},"16":{"start":{"line":68,"column":24},"end":{"line":68,"column":88}},"17":{"start":{"line":69,"column":4},"end":{"line":69,"column":30}},"18":{"start":{"line":70,"column":4},"end":{"line":70,"column":22}},"19":{"start":{"line":71,"column":4},"end":{"line":78,"column":7}},"20":{"start":{"line":81,"column":2},"end":{"line":89,"column":7}},"21":{"start":{"line":82,"column":4},"end":{"line":82,"column":16}},"22":{"start":{"line":91,"column":2},"end":{"line":91,"column":null}},"23":{"start":{"line":23,"column":0},"end":{"line":23,"column":16}},"24":{"start":{"line":94,"column":25},"end":{"line":96,"column":1}},"25":{"start":{"line":95,"column":2},"end":{"line":95,"column":70}}},"fnMap":{"0":{"name":"useFetchData","decl":{"start":{"line":23,"column":16},"end":{"line":23,"column":28}},"loc":{"start":{"line":23,"column":63},"end":{"line":92,"column":1}}},"1":{"name":"(anonymous_8)","decl":{"start":{"line":35,"column":28},"end":{"line":35,"column":null}},"loc":{"start":{"line":40,"column":6},"end":{"line":62,"column":3}}},"2":{"name":"(anonymous_9)","decl":{"start":{"line":64,"column":20},"end":{"line":64,"column":29}},"loc":{"start":{"line":64,"column":31},"end":{"line":79,"column":4}}},"3":{"name":"(anonymous_10)","decl":{"start":{"line":64,"column":31},"end":{"line":64,"column":null}},"loc":{"start":{"line":64,"column":31},"end":{"line":79,"column":3}}},"4":{"name":"(anonymous_11)","decl":{"start":{"line":81,"column":12},"end":{"line":81,"column":15}},"loc":{"start":{"line":81,"column":17},"end":{"line":83,"column":3}}},"5":{"name":"(anonymous_12)","decl":{"start":{"line":94,"column":25},"end":{"line":94,"column":26}},"loc":{"start":{"line":94,"column":66},"end":{"line":96,"column":1}}}},"branchMap":{"0":{"loc":{"start":{"line":46,"column":4},"end":{"line":57,"column":null}},"type":"if","locations":[{"start":{"line":46,"column":4},"end":{"line":57,"column":null}},{"start":{"line":51,"column":11},"end":{"line":57,"column":null}}]},"1":{"loc":{"start":{"line":55,"column":18},"end":{"line":55,"column":115}},"type":"cond-expr","locations":[{"start":{"line":55,"column":57},"end":{"line":55,"column":85}},{"start":{"line":55,"column":88},"end":{"line":55,"column":115}}]},"2":{"loc":{"start":{"line":59,"column":4},"end":{"line":61,"column":null}},"type":"if","locations":[{"start":{"line":59,"column":4},"end":{"line":61,"column":null}}]},"3":{"loc":{"start":{"line":59,"column":32},"end":{"line":59,"column":64}},"type":"cond-expr","locations":[{"start":{"line":59,"column":54},"end":{"line":59,"column":56}},{"start":{"line":59,"column":54},"end":{"line":59,"column":64}}]},"4":{"loc":{"start":{"line":59,"column":32},"end":{"line":59,"column":56}},"type":"binary-expr","locations":[{"start":{"line":59,"column":32},"end":{"line":59,"column":56}},{"start":{"line":59,"column":54},"end":{"line":59,"column":56}}]},"5":{"loc":{"start":{"line":65,"column":4},"end":{"line":66,"column":13}},"type":"if","locations":[{"start":{"line":65,"column":4},"end":{"line":66,"column":13}}]}},"s":{"0":1,"1":0,"2":0,"3":0,"4":0,"5":0,"6":0,"7":0,"8":0,"9":0,"10":0,"11":0,"12":0,"13":0,"14":0,"15":0,"16":0,"17":0,"18":0,"19":0,"20":0,"21":0,"22":0,"23":1,"24":1,"25":0},"f":{"0":0,"1":0,"2":0,"3":0,"4":0,"5":0},"b":{"0":[0,0],"1":[0,0],"2":[0],"3":[0,0],"4":[0,0],"5":[0]}}
,"/Users/chinnaworn.temnithirut/git/techx-react-shared-library/src/hooks/on-page-search-column-hook.tsx": {"path":"/Users/chinnaworn.temnithirut/git/techx-react-shared-library/src/hooks/on-page-search-column-hook.tsx","statementMap":{"0":{"start":{"line":1,"column":0},"end":{"line":1,"column":51}},"1":{"start":{"line":2,"column":0},"end":{"line":2,"column":54}},"2":{"start":{"line":5,"column":0},"end":{"line":5,"column":59}},"3":{"start":{"line":16,"column":31},"end":{"line":16,"column":84}},"4":{"start":{"line":17,"column":38},"end":{"line":17,"column":50}},"5":{"start":{"line":18,"column":46},"end":{"line":18,"column":58}},"6":{"start":{"line":20,"column":29},"end":{"line":20,"column":56}},"7":{"start":{"line":21,"column":22},"end":{"line":21,"column":44}},"8":{"start":{"line":23,"column":23},"end":{"line":35,"column":3}},"9":{"start":{"line":28,"column":4},"end":{"line":28,"column":14}},"10":{"start":{"line":29,"column":4},"end":{"line":32,"column":null}},"11":{"start":{"line":33,"column":4},"end":{"line":33,"column":35}},"12":{"start":{"line":34,"column":4},"end":{"line":34,"column":33}},"13":{"start":{"line":37,"column":22},"end":{"line":42,"column":3}},"14":{"start":{"line":38,"column":4},"end":{"line":38,"column":49}},"15":{"start":{"line":39,"column":4},"end":{"line":39,"column":21}},"16":{"start":{"line":40,"column":4},"end":{"line":40,"column":22}},"17":{"start":{"line":41,"column":4},"end":{"line":41,"column":null}},"18":{"start":{"line":44,"column":31},"end":{"line":108,"column":4}},"19":{"start":{"line":44,"column":70},"end":{"line":108,"column":4}},"20":{"start":{"line":46,"column":6},"end":{"line":91,"column":null}},"21":{"start":{"line":46,"column":52},"end":{"line":46,"column":71}},"22":{"start":{"line":53,"column":33},"end":{"line":53,"column":71}},"23":{"start":{"line":54,"column":12},"end":{"line":54,"column":null}},"24":{"start":{"line":56,"column":30},"end":{"line":56,"column":88}},"25":{"start":{"line":63,"column":27},"end":{"line":63,"column":85}},"26":{"start":{"line":73,"column":14},"end":{"line":73,"column":65}},"27":{"start":{"line":74,"column":14},"end":{"line":74,"column":24}},"28":{"start":{"line":86,"column":14},"end":{"line":86,"column":22}},"29":{"start":{"line":95,"column":6},"end":{"line":95,"column":117}},"30":{"start":{"line":98,"column":6},"end":{"line":101,"column":null}},"31":{"start":{"line":104,"column":6},"end":{"line":106,"column":null}},"32":{"start":{"line":105,"column":8},"end":{"line":105,"column":61}},"33":{"start":{"line":105,"column":25},"end":{"line":105,"column":56}},"34":{"start":{"line":111,"column":2},"end":{"line":119,"column":9}},"35":{"start":{"line":112,"column":4},"end":{"line":118,"column":null}},"36":{"start":{"line":113,"column":35},"end":{"line":113,"column":120}},"37":{"start":{"line":114,"column":6},"end":{"line":116,"column":null}},"38":{"start":{"line":121,"column":2},"end":{"line":121,"column":null}},"39":{"start":{"line":15,"column":0},"end":{"line":15,"column":16}}},"fnMap":{"0":{"name":"useOnPageSearchColumn","decl":{"start":{"line":15,"column":16},"end":{"line":15,"column":37}},"loc":{"start":{"line":15,"column":73},"end":{"line":122,"column":1}}},"1":{"name":"(anonymous_7)","decl":{"start":{"line":23,"column":23},"end":{"line":23,"column":null}},"loc":{"start":{"line":27,"column":6},"end":{"line":35,"column":3}}},"2":{"name":"(anonymous_8)","decl":{"start":{"line":37,"column":22},"end":{"line":37,"column":23}},"loc":{"start":{"line":37,"column":70},"end":{"line":42,"column":3}}},"3":{"name":"(anonymous_9)","decl":{"start":{"line":44,"column":31},"end":{"line":44,"column":32}},"loc":{"start":{"line":44,"column":70},"end":{"line":108,"column":4}}},"4":{"name":"(anonymous_10)","decl":{"start":{"line":45,"column":20},"end":{"line":45,"column":21}},"loc":{"start":{"line":46,"column":6},"end":{"line":91,"column":null}}},"5":{"name":"(anonymous_11)","decl":{"start":{"line":46,"column":45},"end":{"line":46,"column":46}},"loc":{"start":{"line":46,"column":52},"end":{"line":46,"column":71}}},"6":{"name":"(anonymous_12)","decl":{"start":{"line":52,"column":20},"end":{"line":52,"column":21}},"loc":{"start":{"line":52,"column":26},"end":{"line":55,"column":11}}},"7":{"name":"(anonymous_13)","decl":{"start":{"line":56,"column":24},"end":{"line":56,"column":27}},"loc":{"start":{"line":56,"column":30},"end":{"line":56,"column":88}}},"8":{"name":"(anonymous_14)","decl":{"start":{"line":63,"column":21},"end":{"line":63,"column":24}},"loc":{"start":{"line":63,"column":27},"end":{"line":63,"column":85}}},"9":{"name":"(anonymous_15)","decl":{"start":{"line":72,"column":21},"end":{"line":72,"column":24}},"loc":{"start":{"line":72,"column":26},"end":{"line":75,"column":13}}},"10":{"name":"(anonymous_16)","decl":{"start":{"line":73,"column":43},"end":{"line":73,"column":46}},"loc":{"start":{"line":73,"column":48},"end":{"line":73,"column":51}}},"11":{"name":"(anonymous_17)","decl":{"start":{"line":85,"column":21},"end":{"line":85,"column":24}},"loc":{"start":{"line":85,"column":26},"end":{"line":87,"column":13}}},"12":{"name":"(anonymous_18)","decl":{"start":{"line":94,"column":16},"end":{"line":94,"column":17}},"loc":{"start":{"line":95,"column":6},"end":{"line":95,"column":117}}},"13":{"name":"(anonymous_19)","decl":{"start":{"line":97,"column":14},"end":{"line":97,"column":15}},"loc":{"start":{"line":97,"column":37},"end":{"line":102,"column":5}}},"14":{"name":"(anonymous_20)","decl":{"start":{"line":103,"column":32},"end":{"line":103,"column":33}},"loc":{"start":{"line":103,"column":44},"end":{"line":107,"column":5}}},"15":{"name":"(anonymous_21)","decl":{"start":{"line":105,"column":19},"end":{"line":105,"column":22}},"loc":{"start":{"line":105,"column":24},"end":{"line":105,"column":56}}},"16":{"name":"(anonymous_22)","decl":{"start":{"line":111,"column":12},"end":{"line":111,"column":15}},"loc":{"start":{"line":111,"column":17},"end":{"line":119,"column":3}}},"17":{"name":"(anonymous_23)","decl":{"start":{"line":112,"column":26},"end":{"line":112,"column":27}},"loc":{"start":{"line":112,"column":34},"end":{"line":118,"column":5}}}},"branchMap":{"0":{"loc":{"start":{"line":16,"column":62},"end":{"line":16,"column":83}},"type":"binary-expr","locations":[{"start":{"line":16,"column":62},"end":{"line":16,"column":77}},{"start":{"line":16,"column":81},"end":{"line":16,"column":83}}]},"1":{"loc":{"start":{"line":39,"column":4},"end":{"line":39,"column":20}},"type":"cond-expr","locations":[{"start":{"line":39,"column":16},"end":{"line":39,"column":20}},{"start":{"line":39,"column":4},"end":{"line":39,"column":20}}]},"2":{"loc":{"start":{"line":39,"column":4},"end":{"line":39,"column":20}},"type":"binary-expr","locations":[{"start":{"line":39,"column":4},"end":{"line":39,"column":20}},{"start":{"line":39,"column":4},"end":{"line":39,"column":20}}]},"3":{"loc":{"start":{"line":53,"column":33},"end":{"line":53,"column":71}},"type":"cond-expr","locations":[{"start":{"line":53,"column":50},"end":{"line":53,"column":66}},{"start":{"line":53,"column":69},"end":{"line":53,"column":71}}]},"4":{"loc":{"start":{"line":73,"column":26},"end":{"line":73,"column":52}},"type":"binary-expr","locations":[{"start":{"line":73,"column":26},"end":{"line":73,"column":38}},{"start":{"line":73,"column":43},"end":{"line":73,"column":51}}]},"5":{"loc":{"start":{"line":95,"column":79},"end":{"line":95,"column":111}},"type":"cond-expr","locations":[{"start":{"line":95,"column":90},"end":{"line":95,"column":99}},{"start":{"line":95,"column":102},"end":{"line":95,"column":111}}]},"6":{"loc":{"start":{"line":104,"column":6},"end":{"line":106,"column":null}},"type":"if","locations":[{"start":{"line":104,"column":6},"end":{"line":106,"column":null}}]},"7":{"loc":{"start":{"line":105,"column":25},"end":{"line":105,"column":54}},"type":"cond-expr","locations":[{"start":{"line":105,"column":44},"end":{"line":105,"column":46}},{"start":{"line":105,"column":44},"end":{"line":105,"column":54}}]},"8":{"loc":{"start":{"line":105,"column":25},"end":{"line":105,"column":46}},"type":"binary-expr","locations":[{"start":{"line":105,"column":25},"end":{"line":105,"column":46}},{"start":{"line":105,"column":44},"end":{"line":105,"column":46}}]},"9":{"loc":{"start":{"line":113,"column":35},"end":{"line":113,"column":120}},"type":"cond-expr","locations":[{"start":{"line":113,"column":61},"end":{"line":113,"column":115}},{"start":{"line":113,"column":118},"end":{"line":113,"column":120}}]},"10":{"loc":{"start":{"line":113,"column":83},"end":{"line":113,"column":102}},"type":"binary-expr","locations":[{"start":{"line":113,"column":83},"end":{"line":113,"column":96}},{"start":{"line":113,"column":100},"end":{"line":113,"column":102}}]}},"s":{"0":2,"1":2,"2":2,"3":19,"4":19,"5":19,"6":19,"7":19,"8":19,"9":2,"10":2,"11":2,"12":2,"13":19,"14":1,"15":1,"16":1,"17":1,"18":19,"19":7,"20":8,"21":1,"22":1,"23":1,"24":1,"25":1,"26":1,"27":1,"28":1,"29":1,"30":1,"31":1,"32":1,"33":1,"34":19,"35":8,"36":19,"37":19,"38":19,"39":2},"f":{"0":19,"1":2,"2":1,"3":7,"4":8,"5":1,"6":1,"7":1,"8":1,"9":1,"10":0,"11":1,"12":1,"13":1,"14":1,"15":1,"16":8,"17":19},"b":{"0":[19,0],"1":[0,1],"2":[1,1],"3":[1,0],"4":[1,0],"5":[1,0],"6":[1],"7":[0,1],"8":[1,1],"9":[7,12],"10":[7,0]}}
,"/Users/chinnaworn.temnithirut/git/techx-react-shared-library/src/hooks/row-selection-hook.tsx": {"path":"/Users/chinnaworn.temnithirut/git/techx-react-shared-library/src/hooks/row-selection-hook.tsx","statementMap":{"0":{"start":{"line":2,"column":0},"end":{"line":2,"column":33}},"1":{"start":{"line":5,"column":48},"end":{"line":5,"column":73}},"2":{"start":{"line":6,"column":25},"end":{"line":9,"column":3}},"3":{"start":{"line":7,"column":4},"end":{"line":7,"column":43}},"4":{"start":{"line":8,"column":4},"end":{"line":8,"column":47}},"5":{"start":{"line":11,"column":23},"end":{"line":14,"column":4}},"6":{"start":{"line":16,"column":2},"end":{"line":16,"column":26}},"7":{"start":{"line":4,"column":0},"end":{"line":4,"column":16}}},"fnMap":{"0":{"name":"useRowSelection","decl":{"start":{"line":4,"column":16},"end":{"line":4,"column":31}},"loc":{"start":{"line":4,"column":96},"end":{"line":17,"column":1}}},"1":{"name":"(anonymous_1)","decl":{"start":{"line":6,"column":25},"end":{"line":6,"column":26}},"loc":{"start":{"line":6,"column":61},"end":{"line":9,"column":3}}}},"branchMap":{"0":{"loc":{"start":{"line":8,"column":4},"end":{"line":8,"column":46}},"type":"cond-expr","locations":[{"start":{"line":8,"column":24},"end":{"line":8,"column":27}},{"start":{"line":8,"column":4},"end":{"line":8,"column":46}}]},"1":{"loc":{"start":{"line":8,"column":4},"end":{"line":8,"column":27}},"type":"binary-expr","locations":[{"start":{"line":8,"column":4},"end":{"line":8,"column":27}},{"start":{"line":8,"column":4},"end":{"line":8,"column":27}}]}},"s":{"0":2,"1":6,"2":6,"3":2,"4":2,"5":6,"6":6,"7":2},"f":{"0":6,"1":2},"b":{"0":[1,1],"1":[2,2]}}
}
