{"/Users/chinnaworn.temnithirut/git/techx-react-shared-library/styleMock.js": {"path":"/Users/chinnaworn.temnithirut/git/techx-react-shared-library/styleMock.js","statementMap":{},"fnMap":{},"branchMap":{},"s":{},"f":{},"b":{},"_coverageSchema":"1a1c01bbd47fc00a2c39e90264f33305004495a9","hash":"0877943a927bc2542504d3f0f79e44f8d7536473"}
,"/Users/chinnaworn.temnithirut/git/techx-react-shared-library/src/data-table/components/data-table.tsx": {"path":"/Users/chinnaworn.temnithirut/git/techx-react-shared-library/src/data-table/components/data-table.tsx","statementMap":{"0":{"start":{"line":1,"column":0},"end":{"line":1,"column":29}},"1":{"start":{"line":3,"column":0},"end":{"line":3,"column":63}},"2":{"start":{"line":4,"column":0},"end":{"line":4,"column":52}},"3":{"start":{"line":5,"column":0},"end":{"line":5,"column":91}},"4":{"start":{"line":6,"column":0},"end":{"line":6,"column":79}},"5":{"start":{"line":7,"column":0},"end":{"line":7,"column":62}},"6":{"start":{"line":8,"column":0},"end":{"line":8,"column":52}},"7":{"start":{"line":9,"column":0},"end":{"line":9,"column":64}},"8":{"start":{"line":33,"column":13},"end":{"line":85,"column":3}},"9":{"start":{"line":34,"column":33},"end":{"line":34,"column":69}},"10":{"start":{"line":35,"column":30},"end":{"line":35,"column":117}},"11":{"start":{"line":36,"column":27},"end":{"line":36,"column":70}},"12":{"start":{"line":40,"column":2},"end":{"line":43,"column":5}},"13":{"start":{"line":41,"column":46},"end":{"line":41,"column":65}},"14":{"start":{"line":41,"column":41},"end":{"line":41,"column":46}},"15":{"start":{"line":42,"column":4},"end":{"line":42,"column":16}},"16":{"start":{"line":45,"column":2},"end":{"line":84,"column":4}},"17":{"start":{"line":53,"column":36},"end":{"line":53,"column":63}},"18":{"start":{"line":54,"column":10},"end":{"line":56,"column":null}},"19":{"start":{"line":55,"column":12},"end":{"line":55,"column":19}},"20":{"start":{"line":57,"column":27},"end":{"line":57,"column":72}},"21":{"start":{"line":58,"column":25},"end":{"line":58,"column":66}},"22":{"start":{"line":59,"column":29},"end":{"line":59,"column":41}},"23":{"start":{"line":60,"column":23},"end":{"line":60,"column":58}},"24":{"start":{"line":61,"column":10},"end":{"line":61,"column":47}},"25":{"start":{"line":62,"column":10},"end":{"line":62,"column":32}}},"fnMap":{"0":{"name":"(anonymous_8)","decl":{"start":{"line":33,"column":76},"end":{"line":33,"column":77}},"loc":{"start":{"line":33,"column":91},"end":{"line":85,"column":1}}},"1":{"name":"(anonymous_9)","decl":{"start":{"line":40,"column":27},"end":{"line":40,"column":30}},"loc":{"start":{"line":40,"column":32},"end":{"line":43,"column":3}}},"2":{"name":"(anonymous_10)","decl":{"start":{"line":51,"column":19},"end":{"line":51,"column":20}},"loc":{"start":{"line":51,"column":42},"end":{"line":63,"column":9}}}},"branchMap":{"0":{"loc":{"start":{"line":34,"column":49},"end":{"line":34,"column":68}},"type":"binary-expr","locations":[{"start":{"line":34,"column":49},"end":{"line":34,"column":62}},{"start":{"line":34,"column":66},"end":{"line":34,"column":68}}]},"1":{"loc":{"start":{"line":35,"column":30},"end":{"line":35,"column":117}},"type":"cond-expr","locations":[{"start":{"line":35,"column":52},"end":{"line":35,"column":85}},{"start":{"line":35,"column":88},"end":{"line":35,"column":117}}]},"2":{"loc":{"start":{"line":54,"column":10},"end":{"line":56,"column":null}},"type":"if","locations":[{"start":{"line":54,"column":10},"end":{"line":56,"column":null}}]},"3":{"loc":{"start":{"line":54,"column":14},"end":{"line":54,"column":49}},"type":"binary-expr","locations":[{"start":{"line":54,"column":14},"end":{"line":54,"column":31}},{"start":{"line":54,"column":35},"end":{"line":54,"column":49}}]},"4":{"loc":{"start":{"line":57,"column":27},"end":{"line":57,"column":72}},"type":"cond-expr","locations":[{"start":{"line":57,"column":47},"end":{"line":57,"column":60}},{"start":{"line":57,"column":63},"end":{"line":57,"column":72}}]},"5":{"loc":{"start":{"line":58,"column":25},"end":{"line":58,"column":66}},"type":"cond-expr","locations":[{"start":{"line":58,"column":45},"end":{"line":58,"column":56}},{"start":{"line":58,"column":59},"end":{"line":58,"column":66}}]},"6":{"loc":{"start":{"line":70,"column":24},"end":{"line":70,"column":76}},"type":"cond-expr","locations":[{"start":{"line":70,"column":52},"end":{"line":70,"column":64}},{"start":{"line":70,"column":67},"end":{"line":70,"column":76}}]},"7":{"loc":{"start":{"line":74,"column":22},"end":{"line":74,"column":127}},"type":"cond-expr","locations":[{"start":{"line":74,"column":49},"end":{"line":74,"column":109}},{"start":{"line":74,"column":111},"end":{"line":74,"column":127}}]}},"s":{"0":1,"1":1,"2":1,"3":1,"4":1,"5":1,"6":1,"7":1,"8":1,"9":3,"10":2,"11":2,"12":2,"13":0,"14":0,"15":0,"16":2,"17":0,"18":0,"19":0,"20":0,"21":0,"22":0,"23":0,"24":0,"25":0},"f":{"0":3,"1":0,"2":0},"b":{"0":[3,0],"1":[0,2],"2":[0],"3":[0,0],"4":[0,0],"5":[0,0],"6":[0,2],"7":[2,0]}}
,"/Users/chinnaworn.temnithirut/git/techx-react-shared-library/src/data-table/components/resizable-column-title.tsx": {"path":"/Users/chinnaworn.temnithirut/git/techx-react-shared-library/src/data-table/components/resizable-column-title.tsx","statementMap":{"0":{"start":{"line":1,"column":0},"end":{"line":1,"column":65}},"1":{"start":{"line":2,"column":0},"end":{"line":2,"column":64}},"2":{"start":{"line":4,"column":36},"end":{"line":45,"column":1}},"3":{"start":{"line":10,"column":20},"end":{"line":10,"column":32}},"4":{"start":{"line":11,"column":19},"end":{"line":11,"column":36}},"5":{"start":{"line":12,"column":25},"end":{"line":12,"column":38}},"6":{"start":{"line":14,"column":44},"end":{"line":14,"column":49}},"7":{"start":{"line":14,"column":39},"end":{"line":14,"column":44}},"8":{"start":{"line":16,"column":2},"end":{"line":23,"column":5}},"9":{"start":{"line":17,"column":4},"end":{"line":22,"column":null}},"10":{"start":{"line":18,"column":6},"end":{"line":18,"column":37}},"11":{"start":{"line":19,"column":6},"end":{"line":21,"column":null}},"12":{"start":{"line":20,"column":8},"end":{"line":20,"column":null}},"13":{"start":{"line":25,"column":2},"end":{"line":44,"column":4}},"14":{"start":{"line":34,"column":12},"end":{"line":34,"column":32}},"15":{"start":{"line":4,"column":13},"end":{"line":4,"column":36}}},"fnMap":{"0":{"name":"(anonymous_7)","decl":{"start":{"line":4,"column":36},"end":{"line":4,"column":null}},"loc":{"start":{"line":9,"column":4},"end":{"line":45,"column":1}}},"1":{"name":"(anonymous_8)","decl":{"start":{"line":16,"column":18},"end":{"line":16,"column":21}},"loc":{"start":{"line":16,"column":23},"end":{"line":23,"column":3}}},"2":{"name":"(anonymous_9)","decl":{"start":{"line":19,"column":36},"end":{"line":19,"column":39}},"loc":{"start":{"line":19,"column":41},"end":{"line":21,"column":7}}},"3":{"name":"(anonymous_10)","decl":{"start":{"line":33,"column":19},"end":{"line":33,"column":20}},"loc":{"start":{"line":33,"column":25},"end":{"line":35,"column":11}}}},"branchMap":{"0":{"loc":{"start":{"line":17,"column":4},"end":{"line":22,"column":null}},"type":"if","locations":[{"start":{"line":17,"column":4},"end":{"line":22,"column":null}}]},"1":{"loc":{"start":{"line":17,"column":8},"end":{"line":17,"column":37}},"type":"binary-expr","locations":[{"start":{"line":17,"column":8},"end":{"line":17,"column":16}},{"start":{"line":17,"column":20},"end":{"line":17,"column":37}}]},"2":{"loc":{"start":{"line":20,"column":8},"end":{"line":20,"column":97}},"type":"cond-expr","locations":[{"start":{"line":20,"column":16},"end":{"line":20,"column":19}},{"start":{"line":20,"column":8},"end":{"line":20,"column":97}}]},"3":{"loc":{"start":{"line":20,"column":8},"end":{"line":20,"column":19}},"type":"binary-expr","locations":[{"start":{"line":20,"column":8},"end":{"line":20,"column":19}},{"start":{"line":20,"column":8},"end":{"line":20,"column":19}}]},"4":{"loc":{"start":{"line":27,"column":13},"end":{"line":27,"column":34}},"type":"binary-expr","locations":[{"start":{"line":27,"column":13},"end":{"line":27,"column":18}},{"start":{"line":27,"column":22},"end":{"line":27,"column":34}}]}},"s":{"0":1,"1":1,"2":1,"3":10,"4":10,"5":10,"6":10,"7":10,"8":10,"9":10,"10":10,"11":10,"12":0,"13":10,"14":0,"15":1},"f":{"0":10,"1":10,"2":0,"3":0},"b":{"0":[10],"1":[10,10],"2":[0,0],"3":[0,0],"4":[10,10]}}
,"/Users/chinnaworn.temnithirut/git/techx-react-shared-library/src/data-table/hooks/custom-column-hook.tsx": {"path":"/Users/chinnaworn.temnithirut/git/techx-react-shared-library/src/data-table/hooks/custom-column-hook.tsx","statementMap":{"0":{"start":{"line":1,"column":0},"end":{"line":1,"column":51}},"1":{"start":{"line":2,"column":0},"end":{"line":2,"column":54}},"2":{"start":{"line":5,"column":0},"end":{"line":5,"column":59}},"3":{"start":{"line":17,"column":31},"end":{"line":17,"column":84}},"4":{"start":{"line":18,"column":38},"end":{"line":18,"column":50}},"5":{"start":{"line":19,"column":46},"end":{"line":19,"column":58}},"6":{"start":{"line":21,"column":29},"end":{"line":21,"column":56}},"7":{"start":{"line":22,"column":22},"end":{"line":22,"column":44}},"8":{"start":{"line":24,"column":23},"end":{"line":36,"column":3}},"9":{"start":{"line":29,"column":4},"end":{"line":29,"column":14}},"10":{"start":{"line":30,"column":4},"end":{"line":33,"column":null}},"11":{"start":{"line":34,"column":4},"end":{"line":34,"column":35}},"12":{"start":{"line":35,"column":4},"end":{"line":35,"column":33}},"13":{"start":{"line":38,"column":22},"end":{"line":43,"column":3}},"14":{"start":{"line":39,"column":4},"end":{"line":39,"column":49}},"15":{"start":{"line":40,"column":4},"end":{"line":40,"column":21}},"16":{"start":{"line":41,"column":4},"end":{"line":41,"column":22}},"17":{"start":{"line":42,"column":4},"end":{"line":42,"column":null}},"18":{"start":{"line":45,"column":31},"end":{"line":109,"column":4}},"19":{"start":{"line":45,"column":70},"end":{"line":109,"column":4}},"20":{"start":{"line":47,"column":6},"end":{"line":92,"column":null}},"21":{"start":{"line":47,"column":52},"end":{"line":47,"column":71}},"22":{"start":{"line":54,"column":33},"end":{"line":54,"column":71}},"23":{"start":{"line":55,"column":12},"end":{"line":55,"column":null}},"24":{"start":{"line":57,"column":30},"end":{"line":57,"column":88}},"25":{"start":{"line":64,"column":27},"end":{"line":64,"column":85}},"26":{"start":{"line":74,"column":14},"end":{"line":74,"column":65}},"27":{"start":{"line":75,"column":14},"end":{"line":75,"column":24}},"28":{"start":{"line":87,"column":14},"end":{"line":87,"column":22}},"29":{"start":{"line":96,"column":6},"end":{"line":96,"column":117}},"30":{"start":{"line":99,"column":6},"end":{"line":102,"column":null}},"31":{"start":{"line":105,"column":6},"end":{"line":107,"column":null}},"32":{"start":{"line":106,"column":8},"end":{"line":106,"column":61}},"33":{"start":{"line":106,"column":25},"end":{"line":106,"column":56}},"34":{"start":{"line":112,"column":4},"end":{"line":119,"column":5}},"35":{"start":{"line":112,"column":23},"end":{"line":119,"column":5}},"36":{"start":{"line":113,"column":25},"end":{"line":113,"column":37}},"37":{"start":{"line":114,"column":6},"end":{"line":117,"column":8}},"38":{"start":{"line":118,"column":6},"end":{"line":118,"column":28}},"39":{"start":{"line":122,"column":2},"end":{"line":132,"column":9}},"40":{"start":{"line":123,"column":4},"end":{"line":131,"column":null}},"41":{"start":{"line":124,"column":35},"end":{"line":124,"column":120}},"42":{"start":{"line":125,"column":6},"end":{"line":129,"column":null}},"43":{"start":{"line":134,"column":23},"end":{"line":140,"column":5}},"44":{"start":{"line":134,"column":61},"end":{"line":139,"column":null}},"45":{"start":{"line":136,"column":36},"end":{"line":139,"column":6}},"46":{"start":{"line":142,"column":2},"end":{"line":142,"column":null}},"47":{"start":{"line":16,"column":0},"end":{"line":16,"column":16}}},"fnMap":{"0":{"name":"useCustomColumn","decl":{"start":{"line":16,"column":16},"end":{"line":16,"column":31}},"loc":{"start":{"line":16,"column":67},"end":{"line":143,"column":1}}},"1":{"name":"(anonymous_7)","decl":{"start":{"line":24,"column":23},"end":{"line":24,"column":null}},"loc":{"start":{"line":28,"column":6},"end":{"line":36,"column":3}}},"2":{"name":"(anonymous_8)","decl":{"start":{"line":38,"column":22},"end":{"line":38,"column":23}},"loc":{"start":{"line":38,"column":70},"end":{"line":43,"column":3}}},"3":{"name":"(anonymous_9)","decl":{"start":{"line":45,"column":31},"end":{"line":45,"column":32}},"loc":{"start":{"line":45,"column":70},"end":{"line":109,"column":4}}},"4":{"name":"(anonymous_10)","decl":{"start":{"line":46,"column":20},"end":{"line":46,"column":21}},"loc":{"start":{"line":47,"column":6},"end":{"line":92,"column":null}}},"5":{"name":"(anonymous_11)","decl":{"start":{"line":47,"column":45},"end":{"line":47,"column":46}},"loc":{"start":{"line":47,"column":52},"end":{"line":47,"column":71}}},"6":{"name":"(anonymous_12)","decl":{"start":{"line":53,"column":20},"end":{"line":53,"column":21}},"loc":{"start":{"line":53,"column":26},"end":{"line":56,"column":11}}},"7":{"name":"(anonymous_13)","decl":{"start":{"line":57,"column":24},"end":{"line":57,"column":27}},"loc":{"start":{"line":57,"column":30},"end":{"line":57,"column":88}}},"8":{"name":"(anonymous_14)","decl":{"start":{"line":64,"column":21},"end":{"line":64,"column":24}},"loc":{"start":{"line":64,"column":27},"end":{"line":64,"column":85}}},"9":{"name":"(anonymous_15)","decl":{"start":{"line":73,"column":21},"end":{"line":73,"column":24}},"loc":{"start":{"line":73,"column":26},"end":{"line":76,"column":13}}},"10":{"name":"(anonymous_16)","decl":{"start":{"line":74,"column":43},"end":{"line":74,"column":46}},"loc":{"start":{"line":74,"column":48},"end":{"line":74,"column":51}}},"11":{"name":"(anonymous_17)","decl":{"start":{"line":86,"column":21},"end":{"line":86,"column":24}},"loc":{"start":{"line":86,"column":26},"end":{"line":88,"column":13}}},"12":{"name":"(anonymous_18)","decl":{"start":{"line":95,"column":16},"end":{"line":95,"column":17}},"loc":{"start":{"line":96,"column":6},"end":{"line":96,"column":117}}},"13":{"name":"(anonymous_19)","decl":{"start":{"line":98,"column":14},"end":{"line":98,"column":15}},"loc":{"start":{"line":98,"column":37},"end":{"line":103,"column":5}}},"14":{"name":"(anonymous_20)","decl":{"start":{"line":104,"column":32},"end":{"line":104,"column":33}},"loc":{"start":{"line":104,"column":44},"end":{"line":108,"column":5}}},"15":{"name":"(anonymous_21)","decl":{"start":{"line":106,"column":19},"end":{"line":106,"column":22}},"loc":{"start":{"line":106,"column":24},"end":{"line":106,"column":56}}},"16":{"name":"(anonymous_22)","decl":{"start":{"line":112,"column":4},"end":{"line":112,"column":5}},"loc":{"start":{"line":112,"column":23},"end":{"line":119,"column":5}}},"17":{"name":"(anonymous_23)","decl":{"start":{"line":112,"column":23},"end":{"line":112,"column":24}},"loc":{"start":{"line":112,"column":90},"end":{"line":119,"column":5}}},"18":{"name":"(anonymous_24)","decl":{"start":{"line":122,"column":12},"end":{"line":122,"column":15}},"loc":{"start":{"line":122,"column":17},"end":{"line":132,"column":3}}},"19":{"name":"(anonymous_25)","decl":{"start":{"line":123,"column":26},"end":{"line":123,"column":27}},"loc":{"start":{"line":123,"column":39},"end":{"line":131,"column":5}}},"20":{"name":"(anonymous_26)","decl":{"start":{"line":134,"column":35},"end":{"line":134,"column":36}},"loc":{"start":{"line":134,"column":61},"end":{"line":139,"column":null}}},"21":{"name":"(anonymous_27)","decl":{"start":{"line":136,"column":18},"end":{"line":136,"column":19}},"loc":{"start":{"line":136,"column":36},"end":{"line":139,"column":6}}}},"branchMap":{"0":{"loc":{"start":{"line":17,"column":62},"end":{"line":17,"column":83}},"type":"binary-expr","locations":[{"start":{"line":17,"column":62},"end":{"line":17,"column":77}},{"start":{"line":17,"column":81},"end":{"line":17,"column":83}}]},"1":{"loc":{"start":{"line":40,"column":4},"end":{"line":40,"column":20}},"type":"cond-expr","locations":[{"start":{"line":40,"column":16},"end":{"line":40,"column":20}},{"start":{"line":40,"column":4},"end":{"line":40,"column":20}}]},"2":{"loc":{"start":{"line":40,"column":4},"end":{"line":40,"column":20}},"type":"binary-expr","locations":[{"start":{"line":40,"column":4},"end":{"line":40,"column":20}},{"start":{"line":40,"column":4},"end":{"line":40,"column":20}}]},"3":{"loc":{"start":{"line":54,"column":33},"end":{"line":54,"column":71}},"type":"cond-expr","locations":[{"start":{"line":54,"column":50},"end":{"line":54,"column":66}},{"start":{"line":54,"column":69},"end":{"line":54,"column":71}}]},"4":{"loc":{"start":{"line":74,"column":26},"end":{"line":74,"column":52}},"type":"binary-expr","locations":[{"start":{"line":74,"column":26},"end":{"line":74,"column":38}},{"start":{"line":74,"column":43},"end":{"line":74,"column":51}}]},"5":{"loc":{"start":{"line":96,"column":79},"end":{"line":96,"column":111}},"type":"cond-expr","locations":[{"start":{"line":96,"column":90},"end":{"line":96,"column":99}},{"start":{"line":96,"column":102},"end":{"line":96,"column":111}}]},"6":{"loc":{"start":{"line":105,"column":6},"end":{"line":107,"column":null}},"type":"if","locations":[{"start":{"line":105,"column":6},"end":{"line":107,"column":null}}]},"7":{"loc":{"start":{"line":106,"column":25},"end":{"line":106,"column":54}},"type":"cond-expr","locations":[{"start":{"line":106,"column":44},"end":{"line":106,"column":46}},{"start":{"line":106,"column":44},"end":{"line":106,"column":54}}]},"8":{"loc":{"start":{"line":106,"column":25},"end":{"line":106,"column":46}},"type":"binary-expr","locations":[{"start":{"line":106,"column":25},"end":{"line":106,"column":46}},{"start":{"line":106,"column":44},"end":{"line":106,"column":46}}]},"9":{"loc":{"start":{"line":124,"column":35},"end":{"line":124,"column":120}},"type":"cond-expr","locations":[{"start":{"line":124,"column":61},"end":{"line":124,"column":115}},{"start":{"line":124,"column":118},"end":{"line":124,"column":120}}]},"10":{"loc":{"start":{"line":124,"column":83},"end":{"line":124,"column":102}},"type":"binary-expr","locations":[{"start":{"line":124,"column":83},"end":{"line":124,"column":96}},{"start":{"line":124,"column":100},"end":{"line":124,"column":102}}]}},"s":{"0":2,"1":2,"2":2,"3":19,"4":19,"5":19,"6":19,"7":19,"8":19,"9":2,"10":2,"11":2,"12":2,"13":19,"14":1,"15":1,"16":1,"17":1,"18":19,"19":7,"20":8,"21":1,"22":1,"23":1,"24":1,"25":1,"26":1,"27":1,"28":1,"29":1,"30":1,"31":1,"32":1,"33":1,"34":19,"35":10,"36":0,"37":0,"38":0,"39":19,"40":8,"41":19,"42":19,"43":19,"44":44,"45":10,"46":19,"47":2},"f":{"0":19,"1":2,"2":1,"3":7,"4":8,"5":1,"6":1,"7":1,"8":1,"9":1,"10":0,"11":1,"12":1,"13":1,"14":1,"15":1,"16":10,"17":0,"18":8,"19":19,"20":44,"21":10},"b":{"0":[19,0],"1":[0,1],"2":[1,1],"3":[1,0],"4":[1,0],"5":[1,0],"6":[1],"7":[0,1],"8":[1,1],"9":[7,12],"10":[7,0]}}
,"/Users/chinnaworn.temnithirut/git/techx-react-shared-library/src/data-table/hooks/fetch-data-hook.tsx": {"path":"/Users/chinnaworn.temnithirut/git/techx-react-shared-library/src/data-table/hooks/fetch-data-hook.tsx","statementMap":{"0":{"start":{"line":3,"column":0},"end":{"line":3,"column":44}},"1":{"start":{"line":24,"column":26},"end":{"line":24,"column":41}},"2":{"start":{"line":25,"column":32},"end":{"line":25,"column":47}},"3":{"start":{"line":26,"column":40},"end":{"line":33,"column":4}},"4":{"start":{"line":35,"column":28},"end":{"line":62,"column":3}},"5":{"start":{"line":45,"column":27},"end":{"line":45,"column":73}},"6":{"start":{"line":46,"column":4},"end":{"line":57,"column":null}},"7":{"start":{"line":47,"column":6},"end":{"line":50,"column":9}},"8":{"start":{"line":52,"column":6},"end":{"line":56,"column":9}},"9":{"start":{"line":59,"column":4},"end":{"line":61,"column":null}},"10":{"start":{"line":60,"column":6},"end":{"line":60,"column":18}},"11":{"start":{"line":64,"column":20},"end":{"line":79,"column":4}},"12":{"start":{"line":64,"column":31},"end":{"line":79,"column":4}},"13":{"start":{"line":65,"column":4},"end":{"line":66,"column":13}},"14":{"start":{"line":66,"column":6},"end":{"line":66,"column":13}},"15":{"start":{"line":67,"column":4},"end":{"line":67,"column":21}},"16":{"start":{"line":68,"column":24},"end":{"line":68,"column":88}},"17":{"start":{"line":69,"column":4},"end":{"line":69,"column":30}},"18":{"start":{"line":70,"column":4},"end":{"line":70,"column":22}},"19":{"start":{"line":71,"column":4},"end":{"line":78,"column":7}},"20":{"start":{"line":81,"column":2},"end":{"line":89,"column":7}},"21":{"start":{"line":82,"column":4},"end":{"line":82,"column":16}},"22":{"start":{"line":91,"column":2},"end":{"line":91,"column":null}},"23":{"start":{"line":23,"column":0},"end":{"line":23,"column":16}},"24":{"start":{"line":94,"column":25},"end":{"line":96,"column":1}},"25":{"start":{"line":95,"column":2},"end":{"line":95,"column":70}}},"fnMap":{"0":{"name":"useFetchData","decl":{"start":{"line":23,"column":16},"end":{"line":23,"column":28}},"loc":{"start":{"line":23,"column":63},"end":{"line":92,"column":1}}},"1":{"name":"(anonymous_8)","decl":{"start":{"line":35,"column":28},"end":{"line":35,"column":null}},"loc":{"start":{"line":40,"column":6},"end":{"line":62,"column":3}}},"2":{"name":"(anonymous_9)","decl":{"start":{"line":64,"column":20},"end":{"line":64,"column":29}},"loc":{"start":{"line":64,"column":31},"end":{"line":79,"column":4}}},"3":{"name":"(anonymous_10)","decl":{"start":{"line":64,"column":31},"end":{"line":64,"column":null}},"loc":{"start":{"line":64,"column":31},"end":{"line":79,"column":3}}},"4":{"name":"(anonymous_11)","decl":{"start":{"line":81,"column":12},"end":{"line":81,"column":15}},"loc":{"start":{"line":81,"column":17},"end":{"line":83,"column":3}}},"5":{"name":"(anonymous_12)","decl":{"start":{"line":94,"column":25},"end":{"line":94,"column":26}},"loc":{"start":{"line":94,"column":66},"end":{"line":96,"column":1}}}},"branchMap":{"0":{"loc":{"start":{"line":46,"column":4},"end":{"line":57,"column":null}},"type":"if","locations":[{"start":{"line":46,"column":4},"end":{"line":57,"column":null}},{"start":{"line":51,"column":11},"end":{"line":57,"column":null}}]},"1":{"loc":{"start":{"line":55,"column":18},"end":{"line":55,"column":115}},"type":"cond-expr","locations":[{"start":{"line":55,"column":57},"end":{"line":55,"column":85}},{"start":{"line":55,"column":88},"end":{"line":55,"column":115}}]},"2":{"loc":{"start":{"line":59,"column":4},"end":{"line":61,"column":null}},"type":"if","locations":[{"start":{"line":59,"column":4},"end":{"line":61,"column":null}}]},"3":{"loc":{"start":{"line":59,"column":32},"end":{"line":59,"column":64}},"type":"cond-expr","locations":[{"start":{"line":59,"column":54},"end":{"line":59,"column":56}},{"start":{"line":59,"column":54},"end":{"line":59,"column":64}}]},"4":{"loc":{"start":{"line":59,"column":32},"end":{"line":59,"column":56}},"type":"binary-expr","locations":[{"start":{"line":59,"column":32},"end":{"line":59,"column":56}},{"start":{"line":59,"column":54},"end":{"line":59,"column":56}}]},"5":{"loc":{"start":{"line":65,"column":4},"end":{"line":66,"column":13}},"type":"if","locations":[{"start":{"line":65,"column":4},"end":{"line":66,"column":13}}]}},"s":{"0":1,"1":0,"2":0,"3":0,"4":0,"5":0,"6":0,"7":0,"8":0,"9":0,"10":0,"11":0,"12":0,"13":0,"14":0,"15":0,"16":0,"17":0,"18":0,"19":0,"20":0,"21":0,"22":0,"23":1,"24":1,"25":0},"f":{"0":0,"1":0,"2":0,"3":0,"4":0,"5":0},"b":{"0":[0,0],"1":[0,0],"2":[0],"3":[0,0],"4":[0,0],"5":[0]}}
,"/Users/chinnaworn.temnithirut/git/techx-react-shared-library/src/data-table/hooks/row-selection-hook.tsx": {"path":"/Users/chinnaworn.temnithirut/git/techx-react-shared-library/src/data-table/hooks/row-selection-hook.tsx","statementMap":{"0":{"start":{"line":2,"column":0},"end":{"line":2,"column":33}},"1":{"start":{"line":5,"column":48},"end":{"line":5,"column":73}},"2":{"start":{"line":6,"column":25},"end":{"line":9,"column":3}},"3":{"start":{"line":7,"column":4},"end":{"line":7,"column":43}},"4":{"start":{"line":8,"column":4},"end":{"line":8,"column":47}},"5":{"start":{"line":11,"column":23},"end":{"line":14,"column":4}},"6":{"start":{"line":16,"column":2},"end":{"line":16,"column":26}},"7":{"start":{"line":4,"column":0},"end":{"line":4,"column":16}}},"fnMap":{"0":{"name":"useRowSelection","decl":{"start":{"line":4,"column":16},"end":{"line":4,"column":31}},"loc":{"start":{"line":4,"column":96},"end":{"line":17,"column":1}}},"1":{"name":"(anonymous_1)","decl":{"start":{"line":6,"column":25},"end":{"line":6,"column":26}},"loc":{"start":{"line":6,"column":61},"end":{"line":9,"column":3}}}},"branchMap":{"0":{"loc":{"start":{"line":8,"column":4},"end":{"line":8,"column":46}},"type":"cond-expr","locations":[{"start":{"line":8,"column":24},"end":{"line":8,"column":27}},{"start":{"line":8,"column":4},"end":{"line":8,"column":46}}]},"1":{"loc":{"start":{"line":8,"column":4},"end":{"line":8,"column":27}},"type":"binary-expr","locations":[{"start":{"line":8,"column":4},"end":{"line":8,"column":27}},{"start":{"line":8,"column":4},"end":{"line":8,"column":27}}]}},"s":{"0":2,"1":6,"2":6,"3":2,"4":2,"5":6,"6":6,"7":2},"f":{"0":6,"1":2},"b":{"0":[1,1],"1":[2,2]}}
,"/Users/chinnaworn.temnithirut/git/techx-react-shared-library/src/react-msal/react-msal.tsx": {"path":"/Users/chinnaworn.temnithirut/git/techx-react-shared-library/src/react-msal/react-msal.tsx","statementMap":{"0":{"start":{"line":1,"column":0},"end":{"line":1,"column":88}},"1":{"start":{"line":2,"column":0},"end":{"line":2,"column":64}},"2":{"start":{"line":3,"column":0},"end":{"line":3,"column":87}},"3":{"start":{"line":18,"column":4},"end":{"line":18,"column":47}},"4":{"start":{"line":19,"column":25},"end":{"line":19,"column":69}},"5":{"start":{"line":22,"column":4},"end":{"line":25,"column":null}},"6":{"start":{"line":24,"column":6},"end":{"line":24,"column":70}},"7":{"start":{"line":28,"column":4},"end":{"line":28,"column":46}},"8":{"start":{"line":30,"column":4},"end":{"line":36,"column":7}},"9":{"start":{"line":31,"column":6},"end":{"line":35,"column":null}},"10":{"start":{"line":32,"column":8},"end":{"line":32,"column":63}},"11":{"start":{"line":33,"column":25},"end":{"line":33,"column":54}},"12":{"start":{"line":34,"column":8},"end":{"line":34,"column":47}},"13":{"start":{"line":39,"column":4},"end":{"line":39,"column":102}},"14":{"start":{"line":41,"column":4},"end":{"line":41,"column":24}},"15":{"start":{"line":15,"column":0},"end":{"line":15,"column":13}}},"fnMap":{"0":{"name":"(anonymous_0)","decl":{"start":{"line":17,"column":2},"end":{"line":17,"column":8}},"loc":{"start":{"line":17,"column":45},"end":{"line":42,"column":3}}},"1":{"name":"(anonymous_1)","decl":{"start":{"line":30,"column":34},"end":{"line":30,"column":35}},"loc":{"start":{"line":30,"column":44},"end":{"line":36,"column":5}}}},"branchMap":{"0":{"loc":{"start":{"line":22,"column":4},"end":{"line":25,"column":null}},"type":"if","locations":[{"start":{"line":22,"column":4},"end":{"line":25,"column":null}}]},"1":{"loc":{"start":{"line":22,"column":8},"end":{"line":22,"column":84}},"type":"binary-expr","locations":[{"start":{"line":22,"column":8},"end":{"line":22,"column":40}},{"start":{"line":22,"column":44},"end":{"line":22,"column":84}}]},"2":{"loc":{"start":{"line":31,"column":6},"end":{"line":35,"column":null}},"type":"if","locations":[{"start":{"line":31,"column":6},"end":{"line":35,"column":null}}]},"3":{"loc":{"start":{"line":31,"column":10},"end":{"line":31,"column":87}},"type":"binary-expr","locations":[{"start":{"line":31,"column":10},"end":{"line":31,"column":53}},{"start":{"line":31,"column":58},"end":{"line":31,"column":87}}]},"4":{"loc":{"start":{"line":39,"column":41},"end":{"line":39,"column":101}},"type":"binary-expr","locations":[{"start":{"line":39,"column":41},"end":{"line":39,"column":63}},{"start":{"line":39,"column":67},"end":{"line":39,"column":101}}]}},"s":{"0":1,"1":1,"2":1,"3":0,"4":0,"5":0,"6":0,"7":0,"8":0,"9":0,"10":0,"11":0,"12":0,"13":0,"14":0,"15":1},"f":{"0":0,"1":0},"b":{"0":[0],"1":[0,0],"2":[0],"3":[0,0],"4":[0,0]}}
,"/Users/chinnaworn.temnithirut/git/techx-react-shared-library/src/react-msal/helpers/user-groups-helper.tsx": {"path":"/Users/chinnaworn.temnithirut/git/techx-react-shared-library/src/react-msal/helpers/user-groups-helper.tsx","statementMap":{"0":{"start":{"line":1,"column":0},"end":{"line":1,"column":13}},"1":{"start":{"line":2,"column":9},"end":{"line":2,"column":84}}},"fnMap":{},"branchMap":{},"s":{"0":1,"1":1},"f":{},"b":{}}
,"/Users/chinnaworn.temnithirut/git/techx-react-shared-library/src/react-msal/helpers/wait-for-authentication-helper.tsx": {"path":"/Users/chinnaworn.temnithirut/git/techx-react-shared-library/src/react-msal/helpers/wait-for-authentication-helper.tsx","statementMap":{"0":{"start":{"line":16,"column":4},"end":{"line":20,"column":null}},"1":{"start":{"line":17,"column":6},"end":{"line":17,"column":168}},"2":{"start":{"line":19,"column":6},"end":{"line":19,"column":69}},"3":{"start":{"line":23,"column":4},"end":{"line":23,"column":59}},"4":{"start":{"line":1,"column":0},"end":{"line":1,"column":13}},"5":{"start":{"line":4,"column":17},"end":{"line":4,"column":34}},"6":{"start":{"line":5,"column":17},"end":{"line":7,"column":5}},"7":{"start":{"line":6,"column":4},"end":{"line":6,"column":51}},"8":{"start":{"line":8,"column":9},"end":{"line":10,"column":4}},"9":{"start":{"line":9,"column":4},"end":{"line":9,"column":82}},"10":{"start":{"line":11,"column":9},"end":{"line":14,"column":4}},"11":{"start":{"line":12,"column":4},"end":{"line":12,"column":48}},"12":{"start":{"line":13,"column":4},"end":{"line":13,"column":43}}},"fnMap":{"0":{"name":"(anonymous_0)","decl":{"start":{"line":15,"column":2},"end":{"line":15,"column":8}},"loc":{"start":{"line":15,"column":28},"end":{"line":21,"column":3}}},"1":{"name":"(anonymous_1)","decl":{"start":{"line":22,"column":2},"end":{"line":22,"column":8}},"loc":{"start":{"line":22,"column":44},"end":{"line":24,"column":3}}},"2":{"name":"(anonymous_2)","decl":{"start":{"line":5,"column":74},"end":{"line":5,"column":75}},"loc":{"start":{"line":5,"column":86},"end":{"line":7,"column":3}}},"3":{"name":"(anonymous_3)","decl":{"start":{"line":8,"column":47},"end":{"line":8,"column":50}},"loc":{"start":{"line":8,"column":52},"end":{"line":10,"column":3}}},"4":{"name":"(anonymous_4)","decl":{"start":{"line":11,"column":39},"end":{"line":11,"column":42}},"loc":{"start":{"line":11,"column":44},"end":{"line":14,"column":3}}}},"branchMap":{"0":{"loc":{"start":{"line":16,"column":4},"end":{"line":20,"column":null}},"type":"if","locations":[{"start":{"line":16,"column":4},"end":{"line":20,"column":null}},{"start":{"line":18,"column":11},"end":{"line":20,"column":null}}]},"1":{"loc":{"start":{"line":19,"column":13},"end":{"line":19,"column":68}},"type":"binary-expr","locations":[{"start":{"line":19,"column":13},"end":{"line":19,"column":59}},{"start":{"line":19,"column":63},"end":{"line":19,"column":68}}]}},"s":{"0":0,"1":0,"2":0,"3":0,"4":1,"5":1,"6":1,"7":1,"8":1,"9":0,"10":1,"11":0,"12":0},"f":{"0":0,"1":0,"2":1,"3":0,"4":0},"b":{"0":[0,0],"1":[0,0]}}
,"/Users/chinnaworn.temnithirut/git/techx-react-shared-library/src/react-msal/hooks/user-in-groups.tsx": {"path":"/Users/chinnaworn.temnithirut/git/techx-react-shared-library/src/react-msal/hooks/user-in-groups.tsx","statementMap":{"0":{"start":{"line":1,"column":0},"end":{"line":1,"column":44}},"1":{"start":{"line":2,"column":0},"end":{"line":2,"column":34}},"2":{"start":{"line":3,"column":0},"end":{"line":3,"column":33}},"3":{"start":{"line":4,"column":0},"end":{"line":4,"column":65}},"4":{"start":{"line":5,"column":0},"end":{"line":5,"column":42}},"5":{"start":{"line":7,"column":0},"end":{"line":7,"column":null}},"6":{"start":{"line":8,"column":2},"end":{"line":8,"column":null}},"7":{"start":{"line":9,"column":2},"end":{"line":9,"column":null}},"8":{"start":{"line":13,"column":23},"end":{"line":13,"column":32}},"9":{"start":{"line":14,"column":18},"end":{"line":14,"column":45}},"10":{"start":{"line":15,"column":42},"end":{"line":15,"column":72}},"11":{"start":{"line":16,"column":19},"end":{"line":40,"column":4}},"12":{"start":{"line":16,"column":30},"end":{"line":40,"column":4}},"13":{"start":{"line":17,"column":4},"end":{"line":19,"column":null}},"14":{"start":{"line":18,"column":6},"end":{"line":18,"column":13}},"15":{"start":{"line":20,"column":21},"end":{"line":22,"column":null}},"16":{"start":{"line":25,"column":4},"end":{"line":39,"column":null}},"17":{"start":{"line":30,"column":6},"end":{"line":30,"column":29}},"18":{"start":{"line":32,"column":21},"end":{"line":32,"column":44}},"19":{"start":{"line":34,"column":33},"end":{"line":34,"column":83}},"20":{"start":{"line":35,"column":25},"end":{"line":35,"column":145}},"21":{"start":{"line":36,"column":6},"end":{"line":38,"column":8}},"22":{"start":{"line":42,"column":22},"end":{"line":54,"column":4}},"23":{"start":{"line":42,"column":46},"end":{"line":54,"column":4}},"24":{"start":{"line":43,"column":21},"end":{"line":50,"column":6}},"25":{"start":{"line":51,"column":23},"end":{"line":51,"column":44}},"26":{"start":{"line":52,"column":4},"end":{"line":52,"column":47}},"27":{"start":{"line":53,"column":4},"end":{"line":53,"column":28}},"28":{"start":{"line":56,"column":2},"end":{"line":58,"column":17}},"29":{"start":{"line":57,"column":4},"end":{"line":57,"column":15}},"30":{"start":{"line":60,"column":2},"end":{"line":60,"column":26}},"31":{"start":{"line":12,"column":0},"end":{"line":12,"column":16}},"32":{"start":{"line":63,"column":32},"end":{"line":74,"column":1}},"33":{"start":{"line":64,"column":14},"end":{"line":64,"column":15}},"34":{"start":{"line":65,"column":2},"end":{"line":72,"column":null}},"35":{"start":{"line":65,"column":14},"end":{"line":65,"column":15}},"36":{"start":{"line":66,"column":22},"end":{"line":66,"column":58}},"37":{"start":{"line":67,"column":4},"end":{"line":71,"column":null}},"38":{"start":{"line":68,"column":6},"end":{"line":68,"column":18}},"39":{"start":{"line":69,"column":11},"end":{"line":71,"column":null}},"40":{"start":{"line":70,"column":6},"end":{"line":70,"column":33}},"41":{"start":{"line":73,"column":2},"end":{"line":73,"column":39}},"42":{"start":{"line":63,"column":13},"end":{"line":63,"column":32}}},"fnMap":{"0":{"name":"(anonymous_7)","decl":{"start":{"line":7,"column":0},"end":{"line":7,"column":12}},"loc":{"start":{"line":7,"column":37},"end":{"line":10,"column":1}}},"1":{"name":"useUserInGroups","decl":{"start":{"line":12,"column":16},"end":{"line":12,"column":31}},"loc":{"start":{"line":12,"column":100},"end":{"line":61,"column":1}}},"2":{"name":"(anonymous_9)","decl":{"start":{"line":16,"column":19},"end":{"line":16,"column":28}},"loc":{"start":{"line":16,"column":30},"end":{"line":40,"column":4}}},"3":{"name":"(anonymous_10)","decl":{"start":{"line":16,"column":30},"end":{"line":16,"column":null}},"loc":{"start":{"line":16,"column":30},"end":{"line":40,"column":3}}},"4":{"name":"(anonymous_11)","decl":{"start":{"line":42,"column":22},"end":{"line":42,"column":29}},"loc":{"start":{"line":42,"column":46},"end":{"line":54,"column":4}}},"5":{"name":"(anonymous_12)","decl":{"start":{"line":42,"column":46},"end":{"line":42,"column":null}},"loc":{"start":{"line":42,"column":46},"end":{"line":54,"column":3}}},"6":{"name":"(anonymous_13)","decl":{"start":{"line":56,"column":12},"end":{"line":56,"column":15}},"loc":{"start":{"line":56,"column":17},"end":{"line":58,"column":3}}},"7":{"name":"(anonymous_14)","decl":{"start":{"line":63,"column":32},"end":{"line":63,"column":33}},"loc":{"start":{"line":63,"column":126},"end":{"line":74,"column":1}}}},"branchMap":{"0":{"loc":{"start":{"line":7,"column":12},"end":{"line":7,"column":null}},"type":"binary-expr","locations":[{"start":{"line":7,"column":12},"end":{"line":7,"column":37}},{"start":{"line":7,"column":12},"end":{"line":7,"column":null}}]},"1":{"loc":{"start":{"line":17,"column":4},"end":{"line":19,"column":null}},"type":"if","locations":[{"start":{"line":17,"column":4},"end":{"line":19,"column":null}}]},"2":{"loc":{"start":{"line":25,"column":4},"end":{"line":39,"column":null}},"type":"if","locations":[{"start":{"line":25,"column":4},"end":{"line":39,"column":null}},{"start":{"line":31,"column":11},"end":{"line":39,"column":null}}]},"3":{"loc":{"start":{"line":26,"column":6},"end":{"line":28,"column":45}},"type":"binary-expr","locations":[{"start":{"line":26,"column":6},"end":{"line":26,"column":15}},{"start":{"line":27,"column":6},"end":{"line":27,"column":29}},{"start":{"line":28,"column":6},"end":{"line":28,"column":45}}]},"4":{"loc":{"start":{"line":35,"column":25},"end":{"line":35,"column":145}},"type":"cond-expr","locations":[{"start":{"line":35,"column":46},"end":{"line":35,"column":103}},{"start":{"line":35,"column":108},"end":{"line":35,"column":145}}]},"5":{"loc":{"start":{"line":35,"column":46},"end":{"line":35,"column":103}},"type":"cond-expr","locations":[{"start":{"line":35,"column":55},"end":{"line":35,"column":61}},{"start":{"line":35,"column":64},"end":{"line":35,"column":103}}]},"6":{"loc":{"start":{"line":37,"column":8},"end":{"line":37,"column":121}},"type":"cond-expr","locations":[{"start":{"line":37,"column":21},"end":{"line":37,"column":114}},{"start":{"line":37,"column":117},"end":{"line":37,"column":121}}]},"7":{"loc":{"start":{"line":37,"column":64},"end":{"line":37,"column":113}},"type":"binary-expr","locations":[{"start":{"line":37,"column":64},"end":{"line":37,"column":80}},{"start":{"line":37,"column":84},"end":{"line":37,"column":113}}]},"8":{"loc":{"start":{"line":67,"column":4},"end":{"line":71,"column":null}},"type":"if","locations":[{"start":{"line":67,"column":4},"end":{"line":71,"column":null}},{"start":{"line":69,"column":11},"end":{"line":71,"column":null}}]},"9":{"loc":{"start":{"line":67,"column":8},"end":{"line":67,"column":71}},"type":"binary-expr","locations":[{"start":{"line":67,"column":8},"end":{"line":67,"column":58}},{"start":{"line":67,"column":62},"end":{"line":67,"column":71}}]},"10":{"loc":{"start":{"line":69,"column":11},"end":{"line":71,"column":null}},"type":"if","locations":[{"start":{"line":69,"column":11},"end":{"line":71,"column":null}}]},"11":{"loc":{"start":{"line":70,"column":15},"end":{"line":70,"column":32}},"type":"cond-expr","locations":[{"start":{"line":70,"column":27},"end":{"line":70,"column":28}},{"start":{"line":70,"column":31},"end":{"line":70,"column":32}}]}},"s":{"0":1,"1":1,"2":1,"3":1,"4":1,"5":1,"6":1,"7":1,"8":0,"9":0,"10":0,"11":0,"12":0,"13":0,"14":0,"15":0,"16":0,"17":0,"18":0,"19":0,"20":0,"21":0,"22":0,"23":0,"24":0,"25":0,"26":0,"27":0,"28":0,"29":0,"30":0,"31":1,"32":1,"33":7,"34":7,"35":7,"36":13,"37":13,"38":1,"39":12,"40":8,"41":6,"42":1},"f":{"0":1,"1":0,"2":0,"3":0,"4":0,"5":0,"6":0,"7":7},"b":{"0":[1,1],"1":[0],"2":[0,0],"3":[0,0,0],"4":[0,0],"5":[0,0],"6":[0,0],"7":[0,0],"8":[1,12],"9":[13,5],"10":[8],"11":[5,3]}}
}
