TN:
SF:src/components/data-table/data-table.tsx
FN:35,(anonymous_8)
FN:43,(anonymous_9)
FN:54,(anonymous_10)
FNF:3
FNH:1
FNDA:2,(anonymous_8)
FNDA:0,(anonymous_9)
FNDA:0,(anonymous_10)
DA:1,1
DA:3,1
DA:4,1
DA:5,1
DA:6,1
DA:7,1
DA:35,1
DA:36,2
DA:37,2
DA:38,2
DA:43,2
DA:44,0
DA:45,0
DA:48,2
DA:56,0
DA:57,0
DA:58,0
DA:60,0
DA:61,0
DA:62,0
DA:63,0
DA:64,0
DA:65,0
LF:23
LH:12
BRDA:35,0,0,0
BRDA:36,1,0,2
BRDA:36,1,1,0
BRDA:37,2,0,0
BRDA:37,2,1,2
BRDA:57,3,0,0
BRDA:57,4,0,0
BRDA:57,4,1,0
BRDA:60,5,0,0
BRDA:60,5,1,0
BRDA:61,6,0,0
BRDA:61,6,1,0
BRDA:70,7,0,0
BRDA:70,7,1,2
BRDA:73,8,0,2
BRDA:73,8,1,0
BRF:16
BRH:4
end_of_record
TN:
SF:src/hooks/fetch-data-hook.tsx
FN:23,useFetchData
FN:35,(anonymous_8)
FN:64,(anonymous_9)
FN:64,(anonymous_10)
FN:81,(anonymous_11)
FN:94,(anonymous_12)
FNF:6
FNH:0
FNDA:0,useFetchData
FNDA:0,(anonymous_8)
FNDA:0,(anonymous_9)
FNDA:0,(anonymous_10)
FNDA:0,(anonymous_11)
FNDA:0,(anonymous_12)
DA:3,1
DA:23,1
DA:24,0
DA:25,0
DA:26,0
DA:35,0
DA:45,0
DA:46,0
DA:47,0
DA:52,0
DA:59,0
DA:60,0
DA:64,0
DA:65,0
DA:66,0
DA:67,0
DA:68,0
DA:69,0
DA:70,0
DA:71,0
DA:81,0
DA:82,0
DA:91,0
DA:94,1
DA:95,0
LF:25
LH:3
BRDA:46,0,0,0
BRDA:46,0,1,0
BRDA:55,1,0,0
BRDA:55,1,1,0
BRDA:59,2,0,0
BRDA:59,3,0,0
BRDA:59,3,1,0
BRDA:59,4,0,0
BRDA:59,4,1,0
BRDA:65,5,0,0
BRF:10
BRH:0
end_of_record
TN:
SF:src/hooks/on-page-search-column-hook.tsx
FN:15,useOnPageSearchColumn
FN:23,(anonymous_7)
FN:37,(anonymous_8)
FN:44,(anonymous_9)
FN:45,(anonymous_10)
FN:46,(anonymous_11)
FN:52,(anonymous_12)
FN:56,(anonymous_13)
FN:63,(anonymous_14)
FN:72,(anonymous_15)
FN:73,(anonymous_16)
FN:85,(anonymous_17)
FN:94,(anonymous_18)
FN:97,(anonymous_19)
FN:103,(anonymous_20)
FN:105,(anonymous_21)
FN:111,(anonymous_22)
FN:112,(anonymous_23)
FNF:18
FNH:17
FNDA:19,useOnPageSearchColumn
FNDA:2,(anonymous_7)
FNDA:1,(anonymous_8)
FNDA:7,(anonymous_9)
FNDA:8,(anonymous_10)
FNDA:1,(anonymous_11)
FNDA:1,(anonymous_12)
FNDA:1,(anonymous_13)
FNDA:1,(anonymous_14)
FNDA:1,(anonymous_15)
FNDA:0,(anonymous_16)
FNDA:1,(anonymous_17)
FNDA:1,(anonymous_18)
FNDA:1,(anonymous_19)
FNDA:1,(anonymous_20)
FNDA:1,(anonymous_21)
FNDA:8,(anonymous_22)
FNDA:19,(anonymous_23)
DA:1,2
DA:2,2
DA:5,2
DA:15,2
DA:16,19
DA:17,19
DA:18,19
DA:20,19
DA:21,19
DA:23,19
DA:28,2
DA:29,2
DA:33,2
DA:34,2
DA:37,19
DA:38,1
DA:39,1
DA:40,1
DA:41,1
DA:44,19
DA:46,8
DA:53,1
DA:54,1
DA:56,1
DA:63,1
DA:73,1
DA:74,1
DA:86,1
DA:95,1
DA:98,1
DA:104,1
DA:105,1
DA:111,19
DA:112,8
DA:113,19
DA:114,19
DA:121,19
LF:37
LH:37
BRDA:16,0,0,19
BRDA:16,0,1,0
BRDA:39,1,0,0
BRDA:39,1,1,1
BRDA:39,2,0,1
BRDA:39,2,1,1
BRDA:53,3,0,1
BRDA:53,3,1,0
BRDA:73,4,0,1
BRDA:73,4,1,0
BRDA:95,5,0,1
BRDA:95,5,1,0
BRDA:104,6,0,1
BRDA:105,7,0,0
BRDA:105,7,1,1
BRDA:105,8,0,1
BRDA:105,8,1,1
BRDA:113,9,0,7
BRDA:113,9,1,12
BRDA:113,10,0,7
BRDA:113,10,1,0
BRF:21
BRH:14
end_of_record
TN:
SF:src/hooks/row-selection-hook.tsx
FN:4,useRowSelection
FN:6,(anonymous_1)
FNF:2
FNH:2
FNDA:6,useRowSelection
FNDA:2,(anonymous_1)
DA:2,2
DA:4,2
DA:5,6
DA:6,6
DA:7,2
DA:8,2
DA:11,6
DA:16,6
LF:8
LH:8
BRDA:8,0,0,1
BRDA:8,0,1,1
BRDA:8,1,0,2
BRDA:8,1,1,2
BRF:4
BRH:4
end_of_record
