TN:
SF:styleMock.js
FNF:0
FNH:0
LF:0
LH:0
BRF:0
BRH:0
end_of_record
TN:
SF:src/data-table/components/data-table.tsx
FN:33,(anonymous_8)
FN:40,(anonymous_9)
FN:51,(anonymous_10)
FNF:3
FNH:1
FNDA:3,(anonymous_8)
FNDA:0,(anonymous_9)
FNDA:0,(anonymous_10)
DA:1,1
DA:3,1
DA:4,1
DA:5,1
DA:6,1
DA:7,1
DA:8,1
DA:9,1
DA:33,1
DA:34,3
DA:35,2
DA:36,2
DA:40,2
DA:41,0
DA:42,0
DA:45,2
DA:53,0
DA:54,0
DA:55,0
DA:57,0
DA:58,0
DA:59,0
DA:60,0
DA:61,0
DA:62,0
LF:25
LH:14
BRDA:34,0,0,3
BRDA:34,0,1,0
BRDA:35,1,0,0
BRDA:35,1,1,2
BRDA:54,2,0,0
BRDA:54,3,0,0
BRDA:54,3,1,0
BRDA:57,4,0,0
BRDA:57,4,1,0
BRDA:58,5,0,0
BRDA:58,5,1,0
BRDA:70,6,0,0
BRDA:70,6,1,2
BRDA:74,7,0,2
BRDA:74,7,1,0
BRF:15
BRH:4
end_of_record
TN:
SF:src/data-table/components/resizable-column-title.tsx
FN:4,(anonymous_7)
FN:16,(anonymous_8)
FN:19,(anonymous_9)
FN:33,(anonymous_10)
FNF:4
FNH:2
FNDA:10,(anonymous_7)
FNDA:10,(anonymous_8)
FNDA:0,(anonymous_9)
FNDA:0,(anonymous_10)
DA:1,1
DA:2,1
DA:4,1
DA:10,10
DA:11,10
DA:12,10
DA:14,10
DA:16,10
DA:17,10
DA:18,10
DA:19,10
DA:20,0
DA:25,10
DA:34,0
LF:14
LH:12
BRDA:17,0,0,10
BRDA:17,1,0,10
BRDA:17,1,1,10
BRDA:20,2,0,0
BRDA:20,2,1,0
BRDA:20,3,0,0
BRDA:20,3,1,0
BRDA:27,4,0,10
BRDA:27,4,1,10
BRF:9
BRH:5
end_of_record
TN:
SF:src/data-table/hooks/custom-column-hook.tsx
FN:16,useCustomColumn
FN:24,(anonymous_7)
FN:38,(anonymous_8)
FN:45,(anonymous_9)
FN:46,(anonymous_10)
FN:47,(anonymous_11)
FN:53,(anonymous_12)
FN:57,(anonymous_13)
FN:64,(anonymous_14)
FN:73,(anonymous_15)
FN:74,(anonymous_16)
FN:86,(anonymous_17)
FN:95,(anonymous_18)
FN:98,(anonymous_19)
FN:104,(anonymous_20)
FN:106,(anonymous_21)
FN:112,(anonymous_22)
FN:112,(anonymous_23)
FN:122,(anonymous_24)
FN:123,(anonymous_25)
FN:134,(anonymous_26)
FN:136,(anonymous_27)
FNF:22
FNH:20
FNDA:19,useCustomColumn
FNDA:2,(anonymous_7)
FNDA:1,(anonymous_8)
FNDA:7,(anonymous_9)
FNDA:8,(anonymous_10)
FNDA:1,(anonymous_11)
FNDA:1,(anonymous_12)
FNDA:1,(anonymous_13)
FNDA:1,(anonymous_14)
FNDA:1,(anonymous_15)
FNDA:0,(anonymous_16)
FNDA:1,(anonymous_17)
FNDA:1,(anonymous_18)
FNDA:1,(anonymous_19)
FNDA:1,(anonymous_20)
FNDA:1,(anonymous_21)
FNDA:10,(anonymous_22)
FNDA:0,(anonymous_23)
FNDA:8,(anonymous_24)
FNDA:19,(anonymous_25)
FNDA:44,(anonymous_26)
FNDA:10,(anonymous_27)
DA:1,2
DA:2,2
DA:5,2
DA:16,2
DA:17,19
DA:18,19
DA:19,19
DA:21,19
DA:22,19
DA:24,19
DA:29,2
DA:30,2
DA:34,2
DA:35,2
DA:38,19
DA:39,1
DA:40,1
DA:41,1
DA:42,1
DA:45,19
DA:47,8
DA:54,1
DA:55,1
DA:57,1
DA:64,1
DA:74,1
DA:75,1
DA:87,1
DA:96,1
DA:99,1
DA:105,1
DA:106,1
DA:112,19
DA:113,0
DA:114,0
DA:118,0
DA:122,19
DA:123,8
DA:124,19
DA:125,19
DA:134,44
DA:136,10
DA:142,19
LF:43
LH:40
BRDA:17,0,0,19
BRDA:17,0,1,0
BRDA:40,1,0,0
BRDA:40,1,1,1
BRDA:40,2,0,1
BRDA:40,2,1,1
BRDA:54,3,0,1
BRDA:54,3,1,0
BRDA:74,4,0,1
BRDA:74,4,1,0
BRDA:96,5,0,1
BRDA:96,5,1,0
BRDA:105,6,0,1
BRDA:106,7,0,0
BRDA:106,7,1,1
BRDA:106,8,0,1
BRDA:106,8,1,1
BRDA:124,9,0,7
BRDA:124,9,1,12
BRDA:124,10,0,7
BRDA:124,10,1,0
BRF:21
BRH:14
end_of_record
TN:
SF:src/data-table/hooks/fetch-data-hook.tsx
FN:23,useFetchData
FN:35,(anonymous_8)
FN:64,(anonymous_9)
FN:64,(anonymous_10)
FN:81,(anonymous_11)
FN:94,(anonymous_12)
FNF:6
FNH:0
FNDA:0,useFetchData
FNDA:0,(anonymous_8)
FNDA:0,(anonymous_9)
FNDA:0,(anonymous_10)
FNDA:0,(anonymous_11)
FNDA:0,(anonymous_12)
DA:3,1
DA:23,1
DA:24,0
DA:25,0
DA:26,0
DA:35,0
DA:45,0
DA:46,0
DA:47,0
DA:52,0
DA:59,0
DA:60,0
DA:64,0
DA:65,0
DA:66,0
DA:67,0
DA:68,0
DA:69,0
DA:70,0
DA:71,0
DA:81,0
DA:82,0
DA:91,0
DA:94,1
DA:95,0
LF:25
LH:3
BRDA:46,0,0,0
BRDA:46,0,1,0
BRDA:55,1,0,0
BRDA:55,1,1,0
BRDA:59,2,0,0
BRDA:59,3,0,0
BRDA:59,3,1,0
BRDA:59,4,0,0
BRDA:59,4,1,0
BRDA:65,5,0,0
BRF:10
BRH:0
end_of_record
TN:
SF:src/data-table/hooks/row-selection-hook.tsx
FN:4,useRowSelection
FN:6,(anonymous_1)
FNF:2
FNH:2
FNDA:6,useRowSelection
FNDA:2,(anonymous_1)
DA:2,2
DA:4,2
DA:5,6
DA:6,6
DA:7,2
DA:8,2
DA:11,6
DA:16,6
LF:8
LH:8
BRDA:8,0,0,1
BRDA:8,0,1,1
BRDA:8,1,0,2
BRDA:8,1,1,2
BRF:4
BRH:4
end_of_record
TN:
SF:src/react-msal/react-msal.tsx
FN:17,(anonymous_0)
FN:30,(anonymous_1)
FNF:2
FNH:0
FNDA:0,(anonymous_0)
FNDA:0,(anonymous_1)
DA:1,1
DA:2,1
DA:3,1
DA:15,1
DA:18,0
DA:19,0
DA:22,0
DA:24,0
DA:28,0
DA:30,0
DA:31,0
DA:32,0
DA:33,0
DA:34,0
DA:39,0
DA:41,0
LF:16
LH:4
BRDA:22,0,0,0
BRDA:22,1,0,0
BRDA:22,1,1,0
BRDA:31,2,0,0
BRDA:31,3,0,0
BRDA:31,3,1,0
BRDA:39,4,0,0
BRDA:39,4,1,0
BRF:8
BRH:0
end_of_record
TN:
SF:src/react-msal/helpers/user-groups-helper.tsx
FNF:0
FNH:0
DA:1,1
DA:2,1
LF:2
LH:2
BRF:0
BRH:0
end_of_record
TN:
SF:src/react-msal/helpers/wait-for-authentication-helper.tsx
FN:15,(anonymous_0)
FN:22,(anonymous_1)
FN:5,(anonymous_2)
FN:8,(anonymous_3)
FN:11,(anonymous_4)
FNF:5
FNH:1
FNDA:0,(anonymous_0)
FNDA:0,(anonymous_1)
FNDA:1,(anonymous_2)
FNDA:0,(anonymous_3)
FNDA:0,(anonymous_4)
DA:1,1
DA:4,1
DA:5,1
DA:6,1
DA:8,1
DA:9,0
DA:11,1
DA:12,0
DA:13,0
DA:16,0
DA:17,0
DA:19,0
DA:23,0
LF:13
LH:6
BRDA:16,0,0,0
BRDA:16,0,1,0
BRDA:19,1,0,0
BRDA:19,1,1,0
BRF:4
BRH:0
end_of_record
TN:
SF:src/react-msal/hooks/user-in-groups.tsx
FN:7,(anonymous_7)
FN:12,useUserInGroups
FN:16,(anonymous_9)
FN:16,(anonymous_10)
FN:42,(anonymous_11)
FN:42,(anonymous_12)
FN:56,(anonymous_13)
FN:63,(anonymous_14)
FNF:8
FNH:2
FNDA:1,(anonymous_7)
FNDA:0,useUserInGroups
FNDA:0,(anonymous_9)
FNDA:0,(anonymous_10)
FNDA:0,(anonymous_11)
FNDA:0,(anonymous_12)
FNDA:0,(anonymous_13)
FNDA:7,(anonymous_14)
DA:1,1
DA:2,1
DA:3,1
DA:4,1
DA:5,1
DA:7,1
DA:8,1
DA:9,1
DA:12,1
DA:13,0
DA:14,0
DA:15,0
DA:16,0
DA:17,0
DA:18,0
DA:20,0
DA:25,0
DA:30,0
DA:32,0
DA:34,0
DA:35,0
DA:36,0
DA:42,0
DA:43,0
DA:51,0
DA:52,0
DA:53,0
DA:56,0
DA:57,0
DA:60,0
DA:63,1
DA:64,7
DA:65,7
DA:66,13
DA:67,13
DA:68,1
DA:69,12
DA:70,8
DA:73,6
LF:39
LH:18
BRDA:7,0,0,1
BRDA:7,0,1,1
BRDA:17,1,0,0
BRDA:25,2,0,0
BRDA:25,2,1,0
BRDA:26,3,0,0
BRDA:26,3,1,0
BRDA:26,3,2,0
BRDA:35,4,0,0
BRDA:35,4,1,0
BRDA:35,5,0,0
BRDA:35,5,1,0
BRDA:37,6,0,0
BRDA:37,6,1,0
BRDA:37,7,0,0
BRDA:37,7,1,0
BRDA:67,8,0,1
BRDA:67,8,1,12
BRDA:67,9,0,13
BRDA:67,9,1,5
BRDA:69,10,0,8
BRDA:70,11,0,5
BRDA:70,11,1,3
BRF:23
BRH:9
end_of_record
